"../../../Engine/Content/EditorResources/S_Actor.ubulk" 0
"../../../Engine/Content/EditorResources/S_Actor.uasset" 1
"../../../Engine/Content/EditorResources/S_Actor.uexp" 2
"../../../Engine/Content/EditorResources/S_BoxReflectionCapture.uasset" 3
"../../../Engine/Content/EditorResources/S_BoxReflectionCapture.uexp" 4
"../../../Engine/Content/EngineResources/DefaultTexture.ubulk" 5
"../../../Engine/Content/EngineResources/DefaultTexture.uasset" 6
"../../../Engine/Content/EngineResources/DefaultTexture.uexp" 7
"../../../Engine/Content/EngineResources/DefaultTextureCube.uasset" 8
"../../../Engine/Content/EngineResources/DefaultTextureCube.uexp" 9
"../../../Engine/Content/EngineResources/DefaultVolumeTexture2D.uasset" 10
"../../../Engine/Content/EngineResources/DefaultVolumeTexture2D.uexp" 11
"../../../Engine/Content/EngineResources/DefaultVolumeTexture.uasset" 12
"../../../Engine/Content/EngineResources/DefaultVolumeTexture.uexp" 13
"../../../Engine/Content/EditorResources/S_Trigger.ubulk" 14
"../../../Engine/Content/EditorResources/S_Trigger.uasset" 15
"../../../Engine/Content/EditorResources/S_Trigger.uexp" 16
"../../../Engine/Content/EditorResources/S_TriggerBox.uasset" 17
"../../../Engine/Content/EditorResources/S_TriggerBox.uexp" 18
"../../../Engine/Content/EditorResources/S_TriggerCapsule.uasset" 19
"../../../Engine/Content/EditorResources/S_TriggerCapsule.uexp" 20
"../../../Engine/Content/EditorResources/S_TriggerSphere.uasset" 21
"../../../Engine/Content/EditorResources/S_TriggerSphere.uexp" 22
"../../../Engine/Content/EngineMeshes/Sphere.ubulk" 23
"../../../Engine/Content/EngineMeshes/Sphere.uasset" 24
"../../../Engine/Content/EngineMeshes/Sphere.uexp" 25
"../../../Engine/Content/EngineResources/GradientTexture0.uasset" 26
"../../../Engine/Content/EngineResources/GradientTexture0.uexp" 27
"../../../Engine/Content/EngineResources/Black.uasset" 28
"../../../Engine/Content/EngineResources/Black.uexp" 29
"../../../Engine/Content/VREditor/LaserPointer/VR_LaserPower_01.ubulk" 30
"../../../Engine/Content/VREditor/LaserPointer/VR_LaserPower_01.uasset" 31
"../../../Engine/Content/VREditor/LaserPointer/VR_LaserPower_01.uexp" 32
"../../../Engine/Content/VREditor/TransformGizmo/TransformGizmoMaterial.uasset" 33
"../../../Engine/Content/VREditor/TransformGizmo/TransformGizmoMaterial.uexp" 34
"../../../Engine/Content/VREditor/TransformGizmo/TranslucentTransformGizmoMaterial.uasset" 35
"../../../Engine/Content/VREditor/TransformGizmo/TranslucentTransformGizmoMaterial.uexp" 36
"../../../Engine/Content/VREditor/TransformGizmo/PlaneTranslationHandle.ubulk" 37
"../../../Engine/Content/VREditor/TransformGizmo/PlaneTranslationHandle.uasset" 38
"../../../Engine/Content/VREditor/TransformGizmo/PlaneTranslationHandle.uexp" 39
"../../../Engine/Content/VREditor/TransformGizmo/BoundingBoxCorner.ubulk" 40
"../../../Engine/Content/VREditor/TransformGizmo/BoundingBoxCorner.uasset" 41
"../../../Engine/Content/VREditor/TransformGizmo/BoundingBoxCorner.uexp" 42
"../../../Engine/Content/VREditor/TransformGizmo/BoundingBoxEdge.ubulk" 43
"../../../Engine/Content/VREditor/TransformGizmo/BoundingBoxEdge.uasset" 44
"../../../Engine/Content/VREditor/TransformGizmo/BoundingBoxEdge.uexp" 45
"../../../Engine/Content/VREditor/TransformGizmo/Main.uasset" 46
"../../../Engine/Content/VREditor/TransformGizmo/Main.uexp" 47
"../../../Engine/Content/VREditor/TransformGizmo/Xray.uasset" 48
"../../../Engine/Content/VREditor/TransformGizmo/Xray.uexp" 49
"../../../Engine/Content/VREditor/TransformGizmo/SM_Sequencer_Node.ubulk" 50
"../../../Engine/Content/VREditor/TransformGizmo/SM_Sequencer_Node.uasset" 51
"../../../Engine/Content/VREditor/TransformGizmo/SM_Sequencer_Node.uexp" 52
"../../../Engine/Content/EditorMaterials/Camera/CineMat.uasset" 53
"../../../Engine/Content/EditorMaterials/Camera/CineMat.uexp" 54
"../../../Engine/Content/EditorMaterials/Camera/MI_CineMat_Rig.uasset" 55
"../../../Engine/Content/EditorMaterials/Camera/MI_CineMat_Rig.uexp" 56
"../../../Engine/Content/EditorMeshes/Camera/SM_CraneRig_Base.ubulk" 57
"../../../Engine/Content/EditorMeshes/Camera/SM_CraneRig_Base.uasset" 58
"../../../Engine/Content/EditorMeshes/Camera/SM_CraneRig_Base.uexp" 59
"../../../Engine/Content/EditorMeshes/Camera/SM_CraneRig_Arm.ubulk" 60
"../../../Engine/Content/EditorMeshes/Camera/SM_CraneRig_Arm.uasset" 61
"../../../Engine/Content/EditorMeshes/Camera/SM_CraneRig_Arm.uexp" 62
"../../../Engine/Content/EditorMeshes/Camera/SM_CraneRig_Mount.ubulk" 63
"../../../Engine/Content/EditorMeshes/Camera/SM_CraneRig_Mount.uasset" 64
"../../../Engine/Content/EditorMeshes/Camera/SM_CraneRig_Mount.uexp" 65
"../../../Engine/Content/EditorMeshes/Camera/SM_CraneRig_Body.ubulk" 66
"../../../Engine/Content/EditorMeshes/Camera/SM_CraneRig_Body.uasset" 67
"../../../Engine/Content/EditorMeshes/Camera/SM_CraneRig_Body.uexp" 68
"../../../Engine/Content/EditorMeshes/Camera/SM_RailRig_Track.ubulk" 69
"../../../Engine/Content/EditorMeshes/Camera/SM_RailRig_Track.uasset" 70
"../../../Engine/Content/EditorMeshes/Camera/SM_RailRig_Track.uexp" 71
"../../../Engine/Content/EditorMeshes/Camera/SM_RailRig_Mount.ubulk" 72
"../../../Engine/Content/EditorMeshes/Camera/SM_RailRig_Mount.uasset" 73
"../../../Engine/Content/EditorMeshes/Camera/SM_RailRig_Mount.uexp" 74
"../../../Engine/Content/EngineMaterials/T_Default_Material_Grid_M.ubulk" 75
"../../../Engine/Content/EngineMaterials/T_Default_Material_Grid_M.uasset" 76
"../../../Engine/Content/EngineMaterials/T_Default_Material_Grid_M.uexp" 77
"../../../Engine/Content/EngineMaterials/T_Default_Material_Grid_N.ubulk" 78
"../../../Engine/Content/EngineMaterials/T_Default_Material_Grid_N.uasset" 79
"../../../Engine/Content/EngineMaterials/T_Default_Material_Grid_N.uexp" 80
"../../../Engine/Content/Functions/Engine_MaterialFunctions01/Opacity/CameraDepthFade.uasset" 81
"../../../Engine/Content/Functions/Engine_MaterialFunctions01/Opacity/CameraDepthFade.uexp" 82
"../../../Engine/Content/EngineMaterials/WorldGridMaterial.uasset" 83
"../../../Engine/Content/EngineMaterials/WorldGridMaterial.uexp" 84
"../../../Engine/Content/ArtTools/RenderToTexture/Meshes/S_1_Unit_Plane.ubulk" 85
"../../../Engine/Content/ArtTools/RenderToTexture/Meshes/S_1_Unit_Plane.uasset" 86
"../../../Engine/Content/ArtTools/RenderToTexture/Meshes/S_1_Unit_Plane.uexp" 87
"../../../Engine/Content/EditorMaterials/ParticleSystems/PSysThumbnail_NoImage.ubulk" 88
"../../../Engine/Content/EditorMaterials/ParticleSystems/PSysThumbnail_NoImage.uasset" 89
"../../../Engine/Content/EditorMaterials/ParticleSystems/PSysThumbnail_NoImage.uexp" 90
"../../../Engine/Content/EditorMaterials/ParticleSystems/PSysThumbnail_OOD.ubulk" 91
"../../../Engine/Content/EditorMaterials/ParticleSystems/PSysThumbnail_OOD.uasset" 92
"../../../Engine/Content/EditorMaterials/ParticleSystems/PSysThumbnail_OOD.uexp" 93
"../../../Engine/Content/EditorLandscapeResources/SplineEditorMeshMat.uasset" 94
"../../../Engine/Content/EditorLandscapeResources/SplineEditorMeshMat.uexp" 95
"../../../Engine/Content/EditorLandscapeResources/SplineEditorMesh.ubulk" 96
"../../../Engine/Content/EditorLandscapeResources/SplineEditorMesh.uasset" 97
"../../../Engine/Content/EditorLandscapeResources/SplineEditorMesh.uexp" 98
"../../../Engine/Content/EditorResources/S_Solver.ubulk" 99
"../../../Engine/Content/EditorResources/S_Solver.uasset" 100
"../../../Engine/Content/EditorResources/S_Solver.uexp" 101
"../../../Engine/Plugins/Media/MediaPlate/Content/SM_MediaPlateScreen.ubulk" 102
"../../../Engine/Plugins/Media/MediaPlate/Content/SM_MediaPlateScreen.uasset" 103
"../../../Engine/Plugins/Media/MediaPlate/Content/SM_MediaPlateScreen.uexp" 104
"../../../Engine/Content/EngineMaterials/Good64x64TilingNoiseHighFreq.uasset" 105
"../../../Engine/Content/EngineMaterials/Good64x64TilingNoiseHighFreq.uexp" 106
"../../../Engine/Content/EngineMaterials/DefaultBokeh.uasset" 107
"../../../Engine/Content/EngineMaterials/DefaultBokeh.uexp" 108
"../../../Engine/Content/EngineMaterials/PreintegratedSkinBRDF.uasset" 109
"../../../Engine/Content/EngineMaterials/PreintegratedSkinBRDF.uexp" 110
"../../../Engine/Content/EngineMaterials/MiniFont.uasset" 111
"../../../Engine/Content/EngineMaterials/MiniFont.uexp" 112
"../../../Engine/Content/EngineMaterials/WeightMapPlaceholderTexture.uasset" 113
"../../../Engine/Content/EngineMaterials/WeightMapPlaceholderTexture.uexp" 114
"../../../Engine/Content/EngineMaterials/DefaultWhiteGrid.ubulk" 115
"../../../Engine/Content/EngineMaterials/DefaultWhiteGrid.uasset" 116
"../../../Engine/Content/EngineMaterials/DefaultWhiteGrid.uexp" 117
"../../../Engine/Plugins/2D/Paper2D/Content/PlaceholderTextures/DummySpriteTexture.ubulk" 118
"../../../Engine/Plugins/2D/Paper2D/Content/PlaceholderTextures/DummySpriteTexture.uasset" 119
"../../../Engine/Plugins/2D/Paper2D/Content/PlaceholderTextures/DummySpriteTexture.uexp" 120
"../../../Engine/Plugins/2D/Paper2D/Content/DefaultSpriteMaterial.uasset" 121
"../../../Engine/Plugins/2D/Paper2D/Content/DefaultSpriteMaterial.uexp" 122
"../../../Engine/Plugins/2D/Paper2D/Content/OpaqueUnlitSpriteMaterial.uasset" 123
"../../../Engine/Plugins/2D/Paper2D/Content/OpaqueUnlitSpriteMaterial.uexp" 124
"../../../Engine/Plugins/2D/Paper2D/Content/MaskedUnlitSpriteMaterial.uasset" 125
"../../../Engine/Plugins/2D/Paper2D/Content/MaskedUnlitSpriteMaterial.uexp" 126
"../../../Engine/Plugins/2D/Paper2D/Content/DummySprite.uasset" 127
"../../../Engine/Plugins/2D/Paper2D/Content/DummySprite.uexp" 128
"../../../Engine/Plugins/2D/Paper2D/Content/DefaultPaperTerrainMaterial.uasset" 129
"../../../Engine/Plugins/2D/Paper2D/Content/DefaultPaperTerrainMaterial.uexp" 130
"../../../Engine/Content/Functions/Engine_MaterialFunctions02/WorldPositionOffset/CameraOffset.uasset" 131
"../../../Engine/Content/Functions/Engine_MaterialFunctions02/WorldPositionOffset/CameraOffset.uexp" 132
"../../../Engine/Plugins/Animation/ControlRig/Content/M_Manip.uasset" 133
"../../../Engine/Plugins/Animation/ControlRig/Content/M_Manip.uexp" 134
"../../../Engine/Content/EngineMaterials/DefaultMaterial.uasset" 135
"../../../Engine/Content/EngineMaterials/DefaultMaterial.uexp" 136
"../../../Engine/Content/BasicShapes/Sphere.ubulk" 137
"../../../Engine/Content/BasicShapes/Sphere.uasset" 138
"../../../Engine/Content/BasicShapes/Sphere.uexp" 139
"../../../Engine/Content/BasicShapes/Plane.ubulk" 140
"../../../Engine/Content/BasicShapes/Plane.uasset" 141
"../../../Engine/Content/BasicShapes/Plane.uexp" 142
"../../../Engine/Content/BasicShapes/Cylinder.ubulk" 143
"../../../Engine/Content/BasicShapes/Cylinder.uasset" 144
"../../../Engine/Content/BasicShapes/Cylinder.uexp" 145
"../../../Engine/Content/BasicShapes/Cube.ubulk" 146
"../../../Engine/Content/BasicShapes/Cube.uasset" 147
"../../../Engine/Content/BasicShapes/Cube.uexp" 148
"../../../Engine/Content/EditorResources/S_Terrain.ubulk" 149
"../../../Engine/Content/EditorResources/S_Terrain.uasset" 150
"../../../Engine/Content/EditorResources/S_Terrain.uexp" 151
"../../../Engine/Plugins/Animation/ControlRig/Content/Controls/ControlRig_Wedge_solid.ubulk" 152
"../../../Engine/Plugins/Animation/ControlRig/Content/Controls/ControlRig_Wedge_solid.uasset" 153
"../../../Engine/Plugins/Animation/ControlRig/Content/Controls/ControlRig_Wedge_solid.uexp" 154
"../../../Engine/Plugins/Animation/ControlRig/Content/Controls/ControlRig_Wedge_3mm.ubulk" 155
"../../../Engine/Plugins/Animation/ControlRig/Content/Controls/ControlRig_Wedge_3mm.uasset" 156
"../../../Engine/Plugins/Animation/ControlRig/Content/Controls/ControlRig_Wedge_3mm.uexp" 157
"../../../Engine/Plugins/Animation/ControlRig/Content/Controls/ControlRig_Wedge_1mm.ubulk" 158
"../../../Engine/Plugins/Animation/ControlRig/Content/Controls/ControlRig_Wedge_1mm.uasset" 159
"../../../Engine/Plugins/Animation/ControlRig/Content/Controls/ControlRig_Wedge_1mm.uexp" 160
"../../../Engine/Plugins/Animation/ControlRig/Content/Controls/ControlRig_Triangle_solid.ubulk" 161
"../../../Engine/Plugins/Animation/ControlRig/Content/Controls/ControlRig_Triangle_solid.uasset" 162
"../../../Engine/Plugins/Animation/ControlRig/Content/Controls/ControlRig_Triangle_solid.uexp" 163
"../../../Engine/Plugins/Animation/ControlRig/Content/Controls/ControlRig_Triangle_3mm.ubulk" 164
"../../../Engine/Plugins/Animation/ControlRig/Content/Controls/ControlRig_Triangle_3mm.uasset" 165
"../../../Engine/Plugins/Animation/ControlRig/Content/Controls/ControlRig_Triangle_3mm.uexp" 166
"../../../Engine/Plugins/Animation/ControlRig/Content/Controls/ControlRig_Triangle_1mm.ubulk" 167
"../../../Engine/Plugins/Animation/ControlRig/Content/Controls/ControlRig_Triangle_1mm.uasset" 168
"../../../Engine/Plugins/Animation/ControlRig/Content/Controls/ControlRig_Triangle_1mm.uexp" 169
"../../../Engine/Plugins/Animation/ControlRig/Content/Controls/ControlRig_Star4_solid.ubulk" 170
"../../../Engine/Plugins/Animation/ControlRig/Content/Controls/ControlRig_Star4_solid.uasset" 171
"../../../Engine/Plugins/Animation/ControlRig/Content/Controls/ControlRig_Star4_solid.uexp" 172
"../../../Engine/Plugins/Animation/ControlRig/Content/Controls/ControlRig_Star4_3mm.ubulk" 173
"../../../Engine/Plugins/Animation/ControlRig/Content/Controls/ControlRig_Star4_3mm.uasset" 174
"../../../Engine/Plugins/Animation/ControlRig/Content/Controls/ControlRig_Star4_3mm.uexp" 175
"../../../Engine/Plugins/Animation/ControlRig/Content/Controls/ControlRig_Star4_1mm.ubulk" 176
"../../../Engine/Plugins/Animation/ControlRig/Content/Controls/ControlRig_Star4_1mm.uasset" 177
"../../../Engine/Plugins/Animation/ControlRig/Content/Controls/ControlRig_Star4_1mm.uexp" 178
"../../../Engine/Plugins/Animation/ControlRig/Content/Controls/ControlRig_Square_solid.ubulk" 179
"../../../Engine/Plugins/Animation/ControlRig/Content/Controls/ControlRig_Square_solid.uasset" 180
"../../../Engine/Plugins/Animation/ControlRig/Content/Controls/ControlRig_Square_solid.uexp" 181
"../../../Engine/Plugins/Animation/ControlRig/Content/Controls/ControlRig_Square_3mm.ubulk" 182
"../../../Engine/Plugins/Animation/ControlRig/Content/Controls/ControlRig_Square_3mm.uasset" 183
"../../../Engine/Plugins/Animation/ControlRig/Content/Controls/ControlRig_Square_3mm.uexp" 184
"../../../Engine/Plugins/Animation/ControlRig/Content/Controls/ControlRig_Square_1mm.ubulk" 185
"../../../Engine/Plugins/Animation/ControlRig/Content/Controls/ControlRig_Square_1mm.uasset" 186
"../../../Engine/Plugins/Animation/ControlRig/Content/Controls/ControlRig_Square_1mm.uexp" 187
"../../../Engine/Plugins/Animation/ControlRig/Content/Controls/ControlRig_Sphere_solid.ubulk" 188
"../../../Engine/Plugins/Animation/ControlRig/Content/Controls/ControlRig_Sphere_solid.uasset" 189
"../../../Engine/Plugins/Animation/ControlRig/Content/Controls/ControlRig_Sphere_solid.uexp" 190
"../../../Engine/Plugins/Animation/ControlRig/Content/Controls/ControlRig_Sphere_3mm.ubulk" 191
"../../../Engine/Plugins/Animation/ControlRig/Content/Controls/ControlRig_Sphere_3mm.uasset" 192
"../../../Engine/Plugins/Animation/ControlRig/Content/Controls/ControlRig_Sphere_3mm.uexp" 193
"../../../Engine/Plugins/Animation/ControlRig/Content/Controls/ControlRig_Sphere_1mm.ubulk" 194
"../../../Engine/Plugins/Animation/ControlRig/Content/Controls/ControlRig_Sphere_1mm.uasset" 195
"../../../Engine/Plugins/Animation/ControlRig/Content/Controls/ControlRig_Sphere_1mm.uexp" 196
"../../../Engine/Plugins/Animation/ControlRig/Content/Controls/ControlRig_RoundedTriangle_solid.ubulk" 197
"../../../Engine/Plugins/Animation/ControlRig/Content/Controls/ControlRig_RoundedTriangle_solid.uasset" 198
"../../../Engine/Plugins/Animation/ControlRig/Content/Controls/ControlRig_RoundedTriangle_solid.uexp" 199
"../../../Engine/Plugins/Animation/ControlRig/Content/Controls/ControlRig_RoundedTriangle_3mm.ubulk" 200
"../../../Engine/Plugins/Animation/ControlRig/Content/Controls/ControlRig_RoundedTriangle_3mm.uasset" 201
"../../../Engine/Plugins/Animation/ControlRig/Content/Controls/ControlRig_RoundedTriangle_3mm.uexp" 202
"../../../Engine/Plugins/Animation/ControlRig/Content/Controls/ControlRig_RoundedTriangle_1mm.ubulk" 203
"../../../Engine/Plugins/Animation/ControlRig/Content/Controls/ControlRig_RoundedTriangle_1mm.uasset" 204
"../../../Engine/Plugins/Animation/ControlRig/Content/Controls/ControlRig_RoundedTriangle_1mm.uexp" 205
"../../../Engine/Plugins/Animation/ControlRig/Content/Controls/ControlRig_RoundedSquare_solid.ubulk" 206
"../../../Engine/Plugins/Animation/ControlRig/Content/Controls/ControlRig_RoundedSquare_solid.uasset" 207
"../../../Engine/Plugins/Animation/ControlRig/Content/Controls/ControlRig_RoundedSquare_solid.uexp" 208
"../../../Engine/Plugins/Animation/ControlRig/Content/Controls/ControlRig_RoundedSquare_3mm.ubulk" 209
"../../../Engine/Plugins/Animation/ControlRig/Content/Controls/ControlRig_RoundedSquare_3mm.uasset" 210
"../../../Engine/Plugins/Animation/ControlRig/Content/Controls/ControlRig_RoundedSquare_3mm.uexp" 211
"../../../Engine/Plugins/Animation/ControlRig/Content/Controls/ControlRig_RoundedSquare_1mm.ubulk" 212
"../../../Engine/Plugins/Animation/ControlRig/Content/Controls/ControlRig_RoundedSquare_1mm.uasset" 213
"../../../Engine/Plugins/Animation/ControlRig/Content/Controls/ControlRig_RoundedSquare_1mm.uexp" 214
"../../../Engine/Plugins/Animation/ControlRig/Content/Controls/ControlRig_QuarterCircle_solid.ubulk" 215
"../../../Engine/Plugins/Animation/ControlRig/Content/Controls/ControlRig_QuarterCircle_solid.uasset" 216
"../../../Engine/Plugins/Animation/ControlRig/Content/Controls/ControlRig_QuarterCircle_solid.uexp" 217
"../../../Engine/Plugins/Animation/ControlRig/Content/Controls/ControlRig_QuarterCircle_3mm.ubulk" 218
"../../../Engine/Plugins/Animation/ControlRig/Content/Controls/ControlRig_QuarterCircle_3mm.uasset" 219
"../../../Engine/Plugins/Animation/ControlRig/Content/Controls/ControlRig_QuarterCircle_3mm.uexp" 220
"../../../Engine/Plugins/Animation/ControlRig/Content/Controls/ControlRig_QuarterCircle_1mm.ubulk" 221
"../../../Engine/Plugins/Animation/ControlRig/Content/Controls/ControlRig_QuarterCircle_1mm.uasset" 222
"../../../Engine/Plugins/Animation/ControlRig/Content/Controls/ControlRig_QuarterCircle_1mm.uexp" 223
"../../../Engine/Plugins/Animation/ControlRig/Content/Controls/ControlRig_Pyramid_solid.ubulk" 224
"../../../Engine/Plugins/Animation/ControlRig/Content/Controls/ControlRig_Pyramid_solid.uasset" 225
"../../../Engine/Plugins/Animation/ControlRig/Content/Controls/ControlRig_Pyramid_solid.uexp" 226
"../../../Engine/Plugins/Interchange/Runtime/Content/Pipelines/DefaultTexturePipeline.uasset" 227
"../../../Engine/Plugins/Interchange/Runtime/Content/Pipelines/DefaultTexturePipeline.uexp" 228
"../../../Engine/Plugins/Interchange/Runtime/Content/Pipelines/DefaultSceneLevelPipeline.uasset" 229
"../../../Engine/Plugins/Interchange/Runtime/Content/Pipelines/DefaultSceneLevelPipeline.uexp" 230
"../../../Engine/Plugins/Interchange/Runtime/Content/Pipelines/DefaultSceneAssetsPipeline.uasset" 231
"../../../Engine/Plugins/Interchange/Runtime/Content/Pipelines/DefaultSceneAssetsPipeline.uexp" 232
"../../../Engine/Plugins/Interchange/Runtime/Content/Pipelines/DefaultMaterialPipeline.uasset" 233
"../../../Engine/Plugins/Interchange/Runtime/Content/Pipelines/DefaultMaterialPipeline.uexp" 234
"../../../Engine/Plugins/Interchange/Runtime/Content/Pipelines/DefaultAssetsPipeline.uasset" 235
"../../../Engine/Plugins/Interchange/Runtime/Content/Pipelines/DefaultAssetsPipeline.uexp" 236
"../../../Engine/Plugins/Runtime/MeshModelingToolset/Content/Materials/M_DynamicMeshComponentVtxColor.uasset" 237
"../../../Engine/Plugins/Runtime/MeshModelingToolset/Content/Materials/M_DynamicMeshComponentVtxColor.uexp" 238
"../../../Engine/Plugins/Editor/SpeedTreeImporter/Content/SpeedTree9/game_wind_noise.ubulk" 239
"../../../Engine/Plugins/Editor/SpeedTreeImporter/Content/SpeedTree9/game_wind_noise.uasset" 240
"../../../Engine/Plugins/Editor/SpeedTreeImporter/Content/SpeedTree9/game_wind_noise.uexp" 241
"../../../Engine/Plugins/Editor/SpeedTreeImporter/Content/SpeedTree9/UnpackDirection.uasset" 242
"../../../Engine/Plugins/Editor/SpeedTreeImporter/Content/SpeedTree9/UnpackDirection.uexp" 243
"../../../Engine/Content/Functions/Engine_MaterialFunctions02/ObjectLocalBounds.uasset" 244
"../../../Engine/Content/Functions/Engine_MaterialFunctions02/ObjectLocalBounds.uexp" 245
"../../../Engine/Content/Functions/Engine_MaterialFunctions02/Utility/BreakOutFloat3Components.uasset" 246
"../../../Engine/Content/Functions/Engine_MaterialFunctions02/Utility/BreakOutFloat3Components.uexp" 247
"../../../Engine/Content/Functions/Engine_MaterialFunctions02/UVs/BoundingBoxBased_0-1_UVW.uasset" 248
"../../../Engine/Content/Functions/Engine_MaterialFunctions02/UVs/BoundingBoxBased_0-1_UVW.uexp" 249
"../../../Engine/Content/Functions/Engine_MaterialFunctions02/Utility/VectorLength.uasset" 250
"../../../Engine/Content/Functions/Engine_MaterialFunctions02/Utility/VectorLength.uexp" 251
"../../../Engine/Plugins/Editor/SpeedTreeImporter/Content/SpeedTree9/UnpackInteger3.uasset" 252
"../../../Engine/Plugins/Editor/SpeedTreeImporter/Content/SpeedTree9/UnpackInteger3.uexp" 253
"../../../Engine/Plugins/Editor/SpeedTreeImporter/Content/SpeedTree9/SpeedTreeCameraFacing.uasset" 254
"../../../Engine/Plugins/Editor/SpeedTreeImporter/Content/SpeedTree9/SpeedTreeCameraFacing.uexp" 255
"../../../Engine/Content/Functions/Engine_MaterialFunctions02/WorldPositionOffset/ObjectScale.uasset" 256
"../../../Engine/Content/Functions/Engine_MaterialFunctions02/WorldPositionOffset/ObjectScale.uexp" 257
"../../../Engine/Content/Functions/Engine_MaterialFunctions02/SafeNormalize.uasset" 258
"../../../Engine/Content/Functions/Engine_MaterialFunctions02/SafeNormalize.uexp" 259
"../../../Engine/Plugins/Editor/SpeedTreeImporter/Content/SpeedTree9/SpeedTreeWindMotion.uasset" 260
"../../../Engine/Plugins/Editor/SpeedTreeImporter/Content/SpeedTree9/SpeedTreeWindMotion.uexp" 261
"../../../Engine/Plugins/Editor/SpeedTreeImporter/Content/SpeedTree9/SpeedTreeBranchMotion.uasset" 262
"../../../Engine/Plugins/Editor/SpeedTreeImporter/Content/SpeedTree9/SpeedTreeBranchMotion.uexp" 263
"../../../Engine/Plugins/Editor/SpeedTreeImporter/Content/SpeedTree9/SpeedTreeWind.uasset" 264
"../../../Engine/Plugins/Editor/SpeedTreeImporter/Content/SpeedTree9/SpeedTreeWind.uexp" 265
"../../../Engine/Plugins/Editor/SpeedTreeImporter/Content/SpeedTree9/EmptyNormal.uasset" 266
"../../../Engine/Plugins/Editor/SpeedTreeImporter/Content/SpeedTree9/EmptyNormal.uexp" 267
"../../../Engine/Plugins/Editor/SpeedTreeImporter/Content/SpeedTree9/Empty.uasset" 268
"../../../Engine/Plugins/Editor/SpeedTreeImporter/Content/SpeedTree9/Empty.uexp" 269
"../../../Engine/Plugins/Editor/SpeedTreeImporter/Content/SpeedTree9/SpeedTreeMaster.uasset" 270
"../../../Engine/Plugins/Editor/SpeedTreeImporter/Content/SpeedTree9/SpeedTreeMaster.uexp" 271
"../../../Engine/Plugins/Editor/SpeedTreeImporter/Content/SpeedTree9/SpeedTreeBillboard.uasset" 272
"../../../Engine/Plugins/Editor/SpeedTreeImporter/Content/SpeedTree9/SpeedTreeBillboard.uexp" 273
"../../../Engine/Plugins/Editor/SpeedTreeImporter/Content/SpeedTree9/SpeedTreeBillboardMaster.uasset" 274
"../../../Engine/Plugins/Editor/SpeedTreeImporter/Content/SpeedTree9/SpeedTreeBillboardMaster.uexp" 275
"../../../Engine/Plugins/Animation/ControlRig/Content/Controls/ControlRig_Pyramid_3mm.ubulk" 276
"../../../Engine/Plugins/Animation/ControlRig/Content/Controls/ControlRig_Pyramid_3mm.uasset" 277
"../../../Engine/Plugins/Animation/ControlRig/Content/Controls/ControlRig_Pyramid_3mm.uexp" 278
"../../../Engine/Plugins/Animation/ControlRig/Content/Controls/ControlRig_Pyramid_1mm.ubulk" 279
"../../../Engine/Plugins/Animation/ControlRig/Content/Controls/ControlRig_Pyramid_1mm.uasset" 280
"../../../Engine/Plugins/Animation/ControlRig/Content/Controls/ControlRig_Pyramid_1mm.uexp" 281
"../../../Engine/Plugins/Animation/ControlRig/Content/Controls/ControlRig_Octagon_solid.ubulk" 282
"../../../Engine/Plugins/Animation/ControlRig/Content/Controls/ControlRig_Octagon_solid.uasset" 283
"../../../Engine/Plugins/Animation/ControlRig/Content/Controls/ControlRig_Octagon_solid.uexp" 284
"../../../Engine/Plugins/Animation/ControlRig/Content/Controls/ControlRig_Octagon_3mm.ubulk" 285
"../../../Engine/Plugins/Animation/ControlRig/Content/Controls/ControlRig_Octagon_3mm.uasset" 286
"../../../Engine/Plugins/Animation/ControlRig/Content/Controls/ControlRig_Octagon_3mm.uexp" 287
"../../../Engine/Plugins/Animation/ControlRig/Content/Controls/ControlRig_Octagon_1mm.ubulk" 288
"../../../Engine/Plugins/Animation/ControlRig/Content/Controls/ControlRig_Octagon_1mm.uasset" 289
"../../../Engine/Plugins/Animation/ControlRig/Content/Controls/ControlRig_Octagon_1mm.uexp" 290
"../../../Engine/Plugins/Animation/ControlRig/Content/Controls/ControlRig_Hexagon_solid.ubulk" 291
"../../../Engine/Plugins/Animation/ControlRig/Content/Controls/ControlRig_Hexagon_solid.uasset" 292
"../../../Engine/Plugins/Animation/ControlRig/Content/Controls/ControlRig_Hexagon_solid.uexp" 293
"../../../Engine/Plugins/Animation/ControlRig/Content/Controls/ControlRig_Hexagon_3mm.ubulk" 294
"../../../Engine/Plugins/Animation/ControlRig/Content/Controls/ControlRig_Hexagon_3mm.uasset" 295
"../../../Engine/Plugins/Animation/ControlRig/Content/Controls/ControlRig_Hexagon_3mm.uexp" 296
"../../../Engine/Plugins/Animation/ControlRig/Content/Controls/ControlRig_Hexagon_1mm.ubulk" 297
"../../../Engine/Plugins/Animation/ControlRig/Content/Controls/ControlRig_Hexagon_1mm.uasset" 298
"../../../Engine/Plugins/Animation/ControlRig/Content/Controls/ControlRig_Hexagon_1mm.uexp" 299
"../../../Engine/Plugins/Animation/ControlRig/Content/Controls/ControlRig_HalfCircle_solid.ubulk" 300
"../../../Engine/Plugins/Animation/ControlRig/Content/Controls/ControlRig_HalfCircle_solid.uasset" 301
"../../../Engine/Plugins/Animation/ControlRig/Content/Controls/ControlRig_HalfCircle_solid.uexp" 302
"../../../Engine/Plugins/Animation/ControlRig/Content/Controls/ControlRig_HalfCircle_3mm.ubulk" 303
"../../../Engine/Plugins/Animation/ControlRig/Content/Controls/ControlRig_HalfCircle_3mm.uasset" 304
"../../../Engine/Plugins/Animation/ControlRig/Content/Controls/ControlRig_HalfCircle_3mm.uexp" 305
"../../../Engine/Plugins/Animation/ControlRig/Content/Controls/ControlRig_HalfCircle_1mm.ubulk" 306
"../../../Engine/Plugins/Animation/ControlRig/Content/Controls/ControlRig_HalfCircle_1mm.uasset" 307
"../../../Engine/Plugins/Animation/ControlRig/Content/Controls/ControlRig_HalfCircle_1mm.uexp" 308
"../../../Engine/Plugins/Animation/ControlRig/Content/Controls/ControlRig_Diamond_solid.ubulk" 309
"../../../Engine/Plugins/Animation/ControlRig/Content/Controls/ControlRig_Diamond_solid.uasset" 310
"../../../Engine/Plugins/Animation/ControlRig/Content/Controls/ControlRig_Diamond_solid.uexp" 311
"../../../Engine/Plugins/Animation/ControlRig/Content/Controls/ControlRig_Diamond_3mm.ubulk" 312
"../../../Engine/Plugins/Animation/ControlRig/Content/Controls/ControlRig_Diamond_3mm.uasset" 313
"../../../Engine/Plugins/Animation/ControlRig/Content/Controls/ControlRig_Diamond_3mm.uexp" 314
"../../../Engine/Plugins/Animation/ControlRig/Content/Controls/ControlRig_Diamond_1mm.ubulk" 315
"../../../Engine/Plugins/Animation/ControlRig/Content/Controls/ControlRig_Diamond_1mm.uasset" 316
"../../../Engine/Plugins/Animation/ControlRig/Content/Controls/ControlRig_Diamond_1mm.uexp" 317
"../../../Engine/Plugins/Animation/ControlRig/Content/Controls/ControlRig_Circle_solid.ubulk" 318
"../../../Engine/Plugins/Animation/ControlRig/Content/Controls/ControlRig_Circle_solid.uasset" 319
"../../../Engine/Plugins/Animation/ControlRig/Content/Controls/ControlRig_Circle_solid.uexp" 320
"../../../Engine/Plugins/Animation/ControlRig/Content/Controls/ControlRig_Circle_3mm.ubulk" 321
"../../../Engine/Plugins/Animation/ControlRig/Content/Controls/ControlRig_Circle_3mm.uasset" 322
"../../../Engine/Plugins/Animation/ControlRig/Content/Controls/ControlRig_Circle_3mm.uexp" 323
"../../../Engine/Plugins/Animation/ControlRig/Content/Controls/ControlRig_Circle_1mm.ubulk" 324
"../../../Engine/Plugins/Animation/ControlRig/Content/Controls/ControlRig_Circle_1mm.uasset" 325
"../../../Engine/Plugins/Animation/ControlRig/Content/Controls/ControlRig_Circle_1mm.uexp" 326
"../../../Engine/Plugins/Animation/ControlRig/Content/Controls/ControlRig_Box_solid.ubulk" 327
"../../../Engine/Plugins/Animation/ControlRig/Content/Controls/ControlRig_Box_solid.uasset" 328
"../../../Engine/Plugins/Animation/ControlRig/Content/Controls/ControlRig_Box_solid.uexp" 329
"../../../Engine/Plugins/Animation/ControlRig/Content/Controls/ControlRig_Box_3mm.ubulk" 330
"../../../Engine/Plugins/Animation/ControlRig/Content/Controls/ControlRig_Box_3mm.uasset" 331
"../../../Engine/Plugins/Animation/ControlRig/Content/Controls/ControlRig_Box_3mm.uexp" 332
"../../../Engine/Plugins/Animation/ControlRig/Content/Controls/ControlRig_Box_1mm.ubulk" 333
"../../../Engine/Plugins/Animation/ControlRig/Content/Controls/ControlRig_Box_1mm.uasset" 334
"../../../Engine/Plugins/Animation/ControlRig/Content/Controls/ControlRig_Box_1mm.uexp" 335
"../../../Engine/Plugins/Animation/ControlRig/Content/Controls/ControlRig_Arrow_solid.ubulk" 336
"../../../Engine/Plugins/Animation/ControlRig/Content/Controls/ControlRig_Arrow_solid.uasset" 337
"../../../Engine/Plugins/Animation/ControlRig/Content/Controls/ControlRig_Arrow_solid.uexp" 338
"../../../Engine/Plugins/Animation/ControlRig/Content/Controls/ControlRig_Arrow_3mm.ubulk" 339
"../../../Engine/Plugins/Animation/ControlRig/Content/Controls/ControlRig_Arrow_3mm.uasset" 340
"../../../Engine/Plugins/Animation/ControlRig/Content/Controls/ControlRig_Arrow_3mm.uexp" 341
"../../../Engine/Plugins/Animation/ControlRig/Content/Controls/ControlRig_Arrow_1mm.ubulk" 342
"../../../Engine/Plugins/Animation/ControlRig/Content/Controls/ControlRig_Arrow_1mm.uasset" 343
"../../../Engine/Plugins/Animation/ControlRig/Content/Controls/ControlRig_Arrow_1mm.uexp" 344
"../../../Engine/Plugins/Animation/ControlRig/Content/Controls/ControlRig_Arrow4_solid.ubulk" 345
"../../../Engine/Plugins/Animation/ControlRig/Content/Controls/ControlRig_Arrow4_solid.uasset" 346
"../../../Engine/Plugins/Animation/ControlRig/Content/Controls/ControlRig_Arrow4_solid.uexp" 347
"../../../Engine/Plugins/Animation/ControlRig/Content/Controls/ControlRig_Arrow4_3mm.ubulk" 348
"../../../Engine/Plugins/Animation/ControlRig/Content/Controls/ControlRig_Arrow4_3mm.uasset" 349
"../../../Engine/Plugins/Animation/ControlRig/Content/Controls/ControlRig_Arrow4_3mm.uexp" 350
"../../../Engine/Plugins/Animation/ControlRig/Content/Controls/ControlRig_Arrow4_1mm.ubulk" 351
"../../../Engine/Plugins/Animation/ControlRig/Content/Controls/ControlRig_Arrow4_1mm.uasset" 352
"../../../Engine/Plugins/Animation/ControlRig/Content/Controls/ControlRig_Arrow4_1mm.uexp" 353
"../../../Engine/Plugins/Animation/ControlRig/Content/Controls/ControlRig_Arrow2_solid.ubulk" 354
"../../../Engine/Plugins/Animation/ControlRig/Content/Controls/ControlRig_Arrow2_solid.uasset" 355
"../../../Engine/Plugins/Animation/ControlRig/Content/Controls/ControlRig_Arrow2_solid.uexp" 356
"../../../Engine/Plugins/Animation/ControlRig/Content/Controls/ControlRig_Arrow2_3mm.ubulk" 357
"../../../Engine/Plugins/Animation/ControlRig/Content/Controls/ControlRig_Arrow2_3mm.uasset" 358
"../../../Engine/Plugins/Animation/ControlRig/Content/Controls/ControlRig_Arrow2_3mm.uexp" 359
"../../../Engine/Plugins/Animation/ControlRig/Content/Controls/ControlRig_Arrow2_1mm.ubulk" 360
"../../../Engine/Plugins/Animation/ControlRig/Content/Controls/ControlRig_Arrow2_1mm.uasset" 361
"../../../Engine/Plugins/Animation/ControlRig/Content/Controls/ControlRig_Arrow2_1mm.uexp" 362
"../../../Engine/Plugins/Animation/ControlRig/Content/Controls/ControlRigXRayMaterial.uasset" 363
"../../../Engine/Plugins/Animation/ControlRig/Content/Controls/ControlRigXRayMaterial.uexp" 364
"../../../Engine/Plugins/Animation/ControlRig/Content/Controls/ControlRigGizmoMaterial.uasset" 365
"../../../Engine/Plugins/Animation/ControlRig/Content/Controls/ControlRigGizmoMaterial.uexp" 366
"../../../Engine/Content/EngineSounds/Master.uasset" 367
"../../../Engine/Content/EngineSounds/Master.uexp" 368
"../../../Engine/Content/EngineResources/WhiteSquareTexture.uasset" 369
"../../../Engine/Content/EngineResources/WhiteSquareTexture.uexp" 370
"../../../Engine/Content/EngineMaterials/Widget3DPassThrough.uasset" 371
"../../../Engine/Content/EngineMaterials/Widget3DPassThrough.uexp" 372
"../../../Engine/Content/EngineMaterials/Widget3DPassThrough_Translucent.uasset" 373
"../../../Engine/Content/EngineMaterials/Widget3DPassThrough_Translucent.uexp" 374
"../../../Engine/Content/EngineMaterials/Widget3DPassThrough_Translucent_OneSided.uasset" 375
"../../../Engine/Content/EngineMaterials/Widget3DPassThrough_Translucent_OneSided.uexp" 376
"../../../Engine/Content/EngineMaterials/Widget3DPassThrough_Opaque.uasset" 377
"../../../Engine/Content/EngineMaterials/Widget3DPassThrough_Opaque.uexp" 378
"../../../Engine/Content/EngineMaterials/Widget3DPassThrough_Opaque_OneSided.uasset" 379
"../../../Engine/Content/EngineMaterials/Widget3DPassThrough_Opaque_OneSided.uexp" 380
"../../../Engine/Content/EngineMaterials/Widget3DPassThrough_Masked_OneSided.uasset" 381
"../../../Engine/Content/EngineMaterials/Widget3DPassThrough_Masked_OneSided.uexp" 382
"../../../Engine/Content/EngineMaterials/Widget3DPassThrough_Masked.uasset" 383
"../../../Engine/Content/EngineMaterials/Widget3DPassThrough_Masked.uexp" 384
"../../../Engine/Content/EngineMaterials/STBlueNoise_vec2_128x128x64.uasset" 385
"../../../Engine/Content/EngineMaterials/STBlueNoise_vec2_128x128x64.uexp" 386
"../../../Engine/Content/EngineMaterials/STBlueNoise_scalar_128x128x64.uasset" 387
"../../../Engine/Content/EngineMaterials/STBlueNoise_scalar_128x128x64.uexp" 388
"../../../Engine/Content/EngineMaterials/RemoveSurfaceMaterial.uasset" 389
"../../../Engine/Content/EngineMaterials/RemoveSurfaceMaterial.uexp" 390
"../../../Engine/Content/EngineMaterials/DefaultCalibrationGrayscale.uasset" 391
"../../../Engine/Content/EngineMaterials/DefaultCalibrationGrayscale.uexp" 392
"../../../Engine/Content/EngineMaterials/PPM_DefaultCalibrationGrayscale.uasset" 393
"../../../Engine/Content/EngineMaterials/PPM_DefaultCalibrationGrayscale.uexp" 394
"../../../Engine/Content/EngineMaterials/DefaultCalibrationColor.uasset" 395
"../../../Engine/Content/EngineMaterials/DefaultCalibrationColor.uexp" 396
"../../../Engine/Content/EngineMaterials/PPM_DefaultCalibrationColor.uasset" 397
"../../../Engine/Content/EngineMaterials/PPM_DefaultCalibrationColor.uexp" 398
"../../../Engine/Content/EngineMaterials/PhAT_JointLimitMaterial.uasset" 399
"../../../Engine/Content/EngineMaterials/PhAT_JointLimitMaterial.uexp" 400
"../../../Engine/Content/EngineMaterials/NaniteHiddenSectionMaterial.uasset" 401
"../../../Engine/Content/EngineMaterials/NaniteHiddenSectionMaterial.uexp" 402
"../../../Engine/Content/EngineMaterials/InvalidLightmapSettings.ubulk" 403
"../../../Engine/Content/EngineMaterials/InvalidLightmapSettings.uasset" 404
"../../../Engine/Content/EngineMaterials/InvalidLightmapSettings.uexp" 405
"../../../Engine/Content/EngineMaterials/M_InvalidLightmapSettings.uasset" 406
"../../../Engine/Content/EngineMaterials/M_InvalidLightmapSettings.uexp" 407
"../../../Engine/Content/EngineMaterials/GizmoMaterial.uasset" 408
"../../../Engine/Content/EngineMaterials/GizmoMaterial.uexp" 409
"../../../Engine/Content/EngineMaterials/BaseFlattenEmissiveMap_VT.uasset" 410
"../../../Engine/Content/EngineMaterials/BaseFlattenEmissiveMap_VT.uexp" 411
"../../../Engine/Content/EngineMaterials/BaseFlattenGrayscaleMap_VT.uasset" 412
"../../../Engine/Content/EngineMaterials/BaseFlattenGrayscaleMap_VT.uexp" 413
"../../../Engine/Content/EngineMaterials/BaseFlattenLinearColor_VT.uasset" 414
"../../../Engine/Content/EngineMaterials/BaseFlattenLinearColor_VT.uexp" 415
"../../../Engine/Content/EngineMaterials/Black_1x1_EXR_Texture_VT.uasset" 416
"../../../Engine/Content/EngineMaterials/Black_1x1_EXR_Texture_VT.uexp" 417
"../../../Engine/Content/EngineMaterials/BaseFlattenDiffuseMap_VT.uasset" 418
"../../../Engine/Content/EngineMaterials/BaseFlattenDiffuseMap_VT.uexp" 419
"../../../Engine/Content/EngineMaterials/BaseFlattenNormalMap_VT.uasset" 420
"../../../Engine/Content/EngineMaterials/BaseFlattenNormalMap_VT.uexp" 421
"../../../Engine/Content/EngineMaterials/FlattenMaterial_WS_Normal_VT.uasset" 422
"../../../Engine/Content/EngineMaterials/FlattenMaterial_WS_Normal_VT.uexp" 423
"../../../Engine/Content/EngineMaterials/FlattenMaterial_VT.uasset" 424
"../../../Engine/Content/EngineMaterials/FlattenMaterial_VT.uexp" 425
"../../../Engine/Content/EngineMaterials/BaseFlattenNormalMap.uasset" 426
"../../../Engine/Content/EngineMaterials/BaseFlattenNormalMap.uexp" 427
"../../../Engine/Content/EngineMaterials/BaseFlattenGrayscaleMap.uasset" 428
"../../../Engine/Content/EngineMaterials/BaseFlattenGrayscaleMap.uexp" 429
"../../../Engine/Content/EngineMaterials/BaseFlattenDiffuseMap.uasset" 430
"../../../Engine/Content/EngineMaterials/BaseFlattenDiffuseMap.uexp" 431
"../../../Engine/Content/Functions/Engine_MaterialFunctions02/PivotPainter2/Black_1x1_EXR_Texture.uasset" 432
"../../../Engine/Content/Functions/Engine_MaterialFunctions02/PivotPainter2/Black_1x1_EXR_Texture.uexp" 433
"../../../Engine/Content/EngineMaterials/BaseFlattenEmissiveMap.uasset" 434
"../../../Engine/Content/EngineMaterials/BaseFlattenEmissiveMap.uexp" 435
"../../../Engine/Content/EngineMaterials/BaseFlattenLinearColor.uasset" 436
"../../../Engine/Content/EngineMaterials/BaseFlattenLinearColor.uexp" 437
"../../../Engine/Content/EngineMaterials/FlattenMaterial.uasset" 438
"../../../Engine/Content/EngineMaterials/FlattenMaterial.uexp" 439
"../../../Engine/Content/EngineMaterials/DefaultWhiteGrid_Low.uasset" 440
"../../../Engine/Content/EngineMaterials/DefaultWhiteGrid_Low.uexp" 441
"../../../Engine/Content/EngineMaterials/EmissiveMeshMaterial.uasset" 442
"../../../Engine/Content/EngineMaterials/EmissiveMeshMaterial.uexp" 443
"../../../Engine/Content/EngineFonts/RobotoDistanceField.uasset" 444
"../../../Engine/Content/EngineFonts/RobotoDistanceField.uexp" 445
"../../../Engine/Content/EngineMaterials/DefaultTextMaterialOpaque.uasset" 446
"../../../Engine/Content/EngineMaterials/DefaultTextMaterialOpaque.uexp" 447
"../../../Engine/Content/EngineMaterials/DefaultDiffuse.ubulk" 448
"../../../Engine/Content/EngineMaterials/DefaultDiffuse.uasset" 449
"../../../Engine/Content/EngineMaterials/DefaultDiffuse.uexp" 450
"../../../Engine/Content/Functions/Engine_MaterialFunctions02/Utility/BreakOutFloat2Components.uasset" 451
"../../../Engine/Content/Functions/Engine_MaterialFunctions02/Utility/BreakOutFloat2Components.uexp" 452
"../../../Engine/Content/EngineMaterials/DefaultPostProcessMaterial.uasset" 453
"../../../Engine/Content/EngineMaterials/DefaultPostProcessMaterial.uexp" 454
"../../../Engine/Content/EngineMaterials/DefaultPhysicalMaterial.uasset" 455
"../../../Engine/Content/EngineMaterials/DefaultPhysicalMaterial.uexp" 456
"../../../Engine/Content/EngineMaterials/DefaultLightFunctionMaterial.uasset" 457
"../../../Engine/Content/EngineMaterials/DefaultLightFunctionMaterial.uexp" 458
"../../../Engine/Content/EngineMaterials/DefaultDestructiblePhysicalMaterial.uasset" 459
"../../../Engine/Content/EngineMaterials/DefaultDestructiblePhysicalMaterial.uexp" 460
"../../../Engine/Content/EngineMaterials/DefaultDeferredDecalMaterial.uasset" 461
"../../../Engine/Content/EngineMaterials/DefaultDeferredDecalMaterial.uexp" 462
"../../../Engine/Content/EngineMaterials/DefaultBloomKernel.uasset" 463
"../../../Engine/Content/EngineMaterials/DefaultBloomKernel.uexp" 464
"../../../Engine/Content/EngineFonts/Faces/RobotoLight.uexp" 465
"../../../Engine/Content/EngineFonts/Faces/RobotoLight.uasset" 466
"../../../Engine/Content/EngineFonts/Faces/RobotoLight.ufont" 467
"../../../Engine/Content/EngineFonts/Faces/RobotoBold.uexp" 468
"../../../Engine/Content/EngineFonts/Faces/RobotoBold.uasset" 469
"../../../Engine/Content/EngineFonts/Faces/RobotoBold.ufont" 470
"../../../Engine/Content/EngineFonts/Faces/RobotoRegular.uexp" 471
"../../../Engine/Content/EngineFonts/Faces/RobotoRegular.uasset" 472
"../../../Engine/Content/EngineFonts/Faces/RobotoRegular.ufont" 473
"../../../Engine/Content/EngineFonts/Faces/DroidSansFallback.uexp" 474
"../../../Engine/Content/EngineFonts/Faces/DroidSansFallback.uasset" 475
"../../../Engine/Content/EngineFonts/Faces/DroidSansFallback.ufont" 476
"../../../Engine/Content/EngineFonts/Faces/RobotoItalic.uexp" 477
"../../../Engine/Content/EngineFonts/Faces/RobotoItalic.uasset" 478
"../../../Engine/Content/EngineFonts/Faces/RobotoItalic.ufont" 479
"../../../Engine/Content/EngineFonts/Faces/RobotoBoldItalic.uexp" 480
"../../../Engine/Content/EngineFonts/Faces/RobotoBoldItalic.uasset" 481
"../../../Engine/Content/EngineFonts/Faces/RobotoBoldItalic.ufont" 482
"../../../Engine/Content/EngineFonts/Roboto.uasset" 483
"../../../Engine/Content/EngineFonts/Roboto.uexp" 484
"../../../Engine/Content/Functions/Engine_MaterialFunctions02/Utility/CameraDirectionVector.uasset" 485
"../../../Engine/Content/Functions/Engine_MaterialFunctions02/Utility/CameraDirectionVector.uexp" 486
"../../../Engine/Content/EngineDebugMaterials/VolumeToRender.uasset" 487
"../../../Engine/Content/EngineDebugMaterials/VolumeToRender.uexp" 488
"../../../Engine/Content/EngineDebugMaterials/M_VolumeRenderSphereTracePP.uasset" 489
"../../../Engine/Content/EngineDebugMaterials/M_VolumeRenderSphereTracePP.uexp" 490
"../../../Engine/Content/EngineDebugMaterials/M_SimpleUnlitTranslucent.uasset" 491
"../../../Engine/Content/EngineDebugMaterials/M_SimpleUnlitTranslucent.uexp" 492
"../../../Engine/Content/EngineDebugMaterials/DebugMeshMaterial.uasset" 493
"../../../Engine/Content/EngineDebugMaterials/DebugMeshMaterial.uexp" 494
"../../../Engine/Content/EngineDebugMaterials/DebugEditorMaterial.uasset" 495
"../../../Engine/Content/EngineDebugMaterials/DebugEditorMaterial.uexp" 496
"../../../Engine/Content/EngineDamageTypes/DmgTypeBP_Environmental.uasset" 497
"../../../Engine/Content/EngineDamageTypes/DmgTypeBP_Environmental.uexp" 498
"../../../Engine/Content/EditorResources/EmptyActor.uasset" 499
"../../../Engine/Content/EditorResources/EmptyActor.uexp" 500
"../../../Engine/Content/EditorResources/BSPVertex.uasset" 501
"../../../Engine/Content/EditorResources/BSPVertex.uexp" 502
"../../../Engine/Content/EditorMaterials/PreviewShadowIndicator.ubulk" 503
"../../../Engine/Content/EditorMaterials/PreviewShadowIndicator.uasset" 504
"../../../Engine/Content/EditorMaterials/PreviewShadowIndicator.uexp" 505
"../../../Engine/Content/EditorMaterials/PreviewShadowIndicatorMaterial.uasset" 506
"../../../Engine/Content/EditorMaterials/PreviewShadowIndicatorMaterial.uexp" 507
"../../../Engine/Content/EditorMaterials/PhAT_UnselectedMaterial.uasset" 508
"../../../Engine/Content/EditorMaterials/PhAT_UnselectedMaterial.uexp" 509
"../../../Engine/Content/EditorMaterials/PhAT_NoCollisionMaterial.uasset" 510
"../../../Engine/Content/EditorMaterials/PhAT_NoCollisionMaterial.uexp" 511
"../../../Engine/Content/EditorLandscapeResources/DefaultAlphaTexture.uasset" 512
"../../../Engine/Content/EditorLandscapeResources/DefaultAlphaTexture.uexp" 513
"../../../Engine/Content/EditorLandscapeResources/DataLayer.uasset" 514
"../../../Engine/Content/EditorLandscapeResources/DataLayer.uexp" 515
"../../../Engine/Content/BasicShapes/Cone.ubulk" 516
"../../../Engine/Content/BasicShapes/Cone.uasset" 517
"../../../Engine/Content/BasicShapes/Cone.uexp" 518
"D:/dUnreal_Project/KitschKing/Content/LevelPrototyping/Textures/T_GridChecker_A.ubulk" 519
"D:/dUnreal_Project/KitschKing/Content/LevelPrototyping/Textures/T_GridChecker_A.uasset" 520
"D:/dUnreal_Project/KitschKing/Content/LevelPrototyping/Textures/T_GridChecker_A.uexp" 521
"../../../Engine/Content/Functions/Engine_MaterialFunctions02/Utility/MakeFloat3.uasset" 522
"../../../Engine/Content/Functions/Engine_MaterialFunctions02/Utility/MakeFloat3.uexp" 523
"../../../Engine/Content/Functions/Engine_MaterialFunctions01/Gradient/LinearGradient.uasset" 524
"../../../Engine/Content/Functions/Engine_MaterialFunctions01/Gradient/LinearGradient.uexp" 525
"../../../Engine/Content/Functions/Engine_MaterialFunctions01/ImageAdjustment/CheapContrast.uasset" 526
"../../../Engine/Content/Functions/Engine_MaterialFunctions01/ImageAdjustment/CheapContrast.uexp" 527
"D:/dUnreal_Project/KitschKing/Content/LevelPrototyping/Materials/MF_ProcGrid.uasset" 528
"D:/dUnreal_Project/KitschKing/Content/LevelPrototyping/Materials/MF_ProcGrid.uexp" 529
"D:/dUnreal_Project/KitschKing/Content/LevelPrototyping/Materials/M_PrototypeGrid.uasset" 530
"D:/dUnreal_Project/KitschKing/Content/LevelPrototyping/Materials/M_PrototypeGrid.uexp" 531
"D:/dUnreal_Project/KitschKing/Content/LevelPrototyping/Materials/MI_PrototypeGrid_Gray.uasset" 532
"D:/dUnreal_Project/KitschKing/Content/LevelPrototyping/Materials/MI_PrototypeGrid_Gray.uexp" 533
"D:/dUnreal_Project/KitschKing/Content/LevelPrototyping/Meshes/SM_Ramp.ubulk" 534
"D:/dUnreal_Project/KitschKing/Content/LevelPrototyping/Meshes/SM_Ramp.uasset" 535
"D:/dUnreal_Project/KitschKing/Content/LevelPrototyping/Meshes/SM_Ramp.uexp" 536
"D:/dUnreal_Project/KitschKing/Content/LevelPrototyping/Meshes/SM_QuarterCylinder.ubulk" 537
"D:/dUnreal_Project/KitschKing/Content/LevelPrototyping/Meshes/SM_QuarterCylinder.uasset" 538
"D:/dUnreal_Project/KitschKing/Content/LevelPrototyping/Meshes/SM_QuarterCylinder.uexp" 539
"D:/dUnreal_Project/KitschKing/Content/LevelPrototyping/Meshes/SM_Cylinder.ubulk" 540
"D:/dUnreal_Project/KitschKing/Content/LevelPrototyping/Meshes/SM_Cylinder.uasset" 541
"D:/dUnreal_Project/KitschKing/Content/LevelPrototyping/Meshes/SM_Cylinder.uexp" 542
"D:/dUnreal_Project/KitschKing/Content/LevelPrototyping/Meshes/SM_Cube.ubulk" 543
"D:/dUnreal_Project/KitschKing/Content/LevelPrototyping/Meshes/SM_Cube.uasset" 544
"D:/dUnreal_Project/KitschKing/Content/LevelPrototyping/Meshes/SM_Cube.uexp" 545
"D:/dUnreal_Project/KitschKing/Content/LevelPrototyping/Materials/M_Solid.uasset" 546
"D:/dUnreal_Project/KitschKing/Content/LevelPrototyping/Materials/M_Solid.uexp" 547
"D:/dUnreal_Project/KitschKing/Content/LevelPrototyping/Materials/MI_Solid_Blue.uasset" 548
"D:/dUnreal_Project/KitschKing/Content/LevelPrototyping/Materials/MI_Solid_Blue.uexp" 549
"D:/dUnreal_Project/KitschKing/Content/LevelPrototyping/Meshes/SM_ChamferCube.ubulk" 550
"D:/dUnreal_Project/KitschKing/Content/LevelPrototyping/Meshes/SM_ChamferCube.uasset" 551
"D:/dUnreal_Project/KitschKing/Content/LevelPrototyping/Meshes/SM_ChamferCube.uexp" 552
"D:/dUnreal_Project/KitschKing/Content/LevelPrototyping/Materials/MI_PrototypeGrid_TopDark.uasset" 553
"D:/dUnreal_Project/KitschKing/Content/LevelPrototyping/Materials/MI_PrototypeGrid_TopDark.uexp" 554
"D:/dUnreal_Project/KitschKing/Content/LevelPrototyping/Materials/MI_PrototypeGrid_Gray_02.uasset" 555
"D:/dUnreal_Project/KitschKing/Content/LevelPrototyping/Materials/MI_PrototypeGrid_Gray_02.uexp" 556
"../../../Engine/Content/MobileResources/HUD/VirtualJoystick_Background.uasset" 557
"../../../Engine/Content/MobileResources/HUD/VirtualJoystick_Background.uexp" 558
"../../../Engine/Content/MobileResources/HUD/VirtualJoystick_Thumb.uasset" 559
"../../../Engine/Content/MobileResources/HUD/VirtualJoystick_Thumb.uexp" 560
"../../../Engine/Content/MobileResources/HUD/DefaultVirtualJoysticks.uasset" 561
"../../../Engine/Content/MobileResources/HUD/DefaultVirtualJoysticks.uexp" 562
"../../../Engine/Content/EngineSky/VolumetricClouds/CloudWeatherTexture.uasset" 563
"../../../Engine/Content/EngineSky/VolumetricClouds/CloudWeatherTexture.uexp" 564
"../../../Engine/Content/Functions/Engine_MaterialFunctions02/Utility/MakeFloat2.uasset" 565
"../../../Engine/Content/Functions/Engine_MaterialFunctions02/Utility/MakeFloat2.uexp" 566
"../../../Engine/Content/EngineSky/VolumetricClouds/CloudGradientTexture.uasset" 567
"../../../Engine/Content/EngineSky/VolumetricClouds/CloudGradientTexture.uexp" 568
"../../../Engine/Content/EngineSky/VolumetricClouds/T_NoiseShape64.ubulk" 569
"../../../Engine/Content/EngineSky/VolumetricClouds/T_NoiseShape64.uasset" 570
"../../../Engine/Content/EngineSky/VolumetricClouds/T_NoiseShape64.uexp" 571
"../../../Engine/Content/EngineSky/VolumetricClouds/T_VolumeNoiseShape64.uasset" 572
"../../../Engine/Content/EngineSky/VolumetricClouds/T_VolumeNoiseShape64.uexp" 573
"../../../Engine/Content/EngineSky/VolumetricClouds/T_NoiseErosion.ubulk" 574
"../../../Engine/Content/EngineSky/VolumetricClouds/T_NoiseErosion.uasset" 575
"../../../Engine/Content/EngineSky/VolumetricClouds/T_NoiseErosion.uexp" 576
"../../../Engine/Content/EngineSky/VolumetricClouds/T_VolumeNoiseErosion32.uasset" 577
"../../../Engine/Content/EngineSky/VolumetricClouds/T_VolumeNoiseErosion32.uexp" 578
"../../../Engine/Content/EngineSky/VolumetricClouds/m_SimpleVolumetricCloud.uasset" 579
"../../../Engine/Content/EngineSky/VolumetricClouds/m_SimpleVolumetricCloud.uexp" 580
"../../../Engine/Content/EngineSky/VolumetricClouds/m_SimpleVolumetricCloud_Inst.uasset" 581
"../../../Engine/Content/EngineSky/VolumetricClouds/m_SimpleVolumetricCloud_Inst.uexp" 582
"../../../Engine/Content/EngineResources/FilmGrains/Marcie_Grain_v3_128_M2_000.uasset" 583
"../../../Engine/Content/EngineResources/FilmGrains/Marcie_Grain_v3_128_M2_000.uexp" 584
"../../../Engine/Content/EditorResources/SequenceRecorder/RecordingIndicator.uasset" 585
"../../../Engine/Content/EditorResources/SequenceRecorder/RecordingIndicator.uexp" 586
"../../../Engine/Content/EditorResources/SequenceRecorder/Countdown.uasset" 587
"../../../Engine/Content/EditorResources/SequenceRecorder/Countdown.uexp" 588
"D:/dUnreal_Project/KitschKing/Content/ThirdPerson/Maps/ThirdPersonMap_BuiltData.ubulk" 589
"D:/dUnreal_Project/KitschKing/Content/ThirdPerson/Maps/ThirdPersonMap_BuiltData.uasset" 590
"D:/dUnreal_Project/KitschKing/Content/ThirdPerson/Maps/ThirdPersonMap_BuiltData.uexp" 591
"../../../Engine/Content/Animation/DefaultAnimCurveCompressionSettings.uasset" 592
"../../../Engine/Content/Animation/DefaultAnimCurveCompressionSettings.uexp" 593
"../../../Engine/Content/Animation/DefaultAnimBoneCompressionSettings.uasset" 594
"../../../Engine/Content/Animation/DefaultAnimBoneCompressionSettings.uexp" 595
"D:/dUnreal_Project/KitschKing/Content/Characters/Mannequin_UE4/Meshes/SK_Mannequin_Skeleton.uasset" 596
"D:/dUnreal_Project/KitschKing/Content/Characters/Mannequin_UE4/Meshes/SK_Mannequin_Skeleton.uexp" 597
"D:/dUnreal_Project/KitschKing/Content/Characters/Mannequin_UE4/Animations/Jog_Fwd.uasset" 598
"D:/dUnreal_Project/KitschKing/Content/Characters/Mannequin_UE4/Animations/Jog_Fwd.uexp" 599
"D:/dUnreal_Project/KitschKing/Content/Characters/Mannequins/Meshes/SK_Mannequin.uasset" 600
"D:/dUnreal_Project/KitschKing/Content/Characters/Mannequins/Meshes/SK_Mannequin.uexp" 601
"D:/dUnreal_Project/KitschKing/Content/Characters/Mannequins/Rigs/Poses/Manny/Manny_foot_l_anim.uasset" 602
"D:/dUnreal_Project/KitschKing/Content/Characters/Mannequins/Rigs/Poses/Manny/Manny_foot_l_anim.uexp" 603
"D:/dUnreal_Project/KitschKing/Content/Characters/Mannequins/Rigs/Poses/Manny/Manny_foot_l_pose.uasset" 604
"D:/dUnreal_Project/KitschKing/Content/Characters/Mannequins/Rigs/Poses/Manny/Manny_foot_l_pose.uexp" 605
"D:/dUnreal_Project/KitschKing/Content/Characters/Mannequins/Rigs/Poses/Manny/Manny_thigh_r_anim.uasset" 606
"D:/dUnreal_Project/KitschKing/Content/Characters/Mannequins/Rigs/Poses/Manny/Manny_thigh_r_anim.uexp" 607
"D:/dUnreal_Project/KitschKing/Content/Characters/Mannequins/Rigs/Poses/Manny/Manny_thigh_r_pose.uasset" 608
"D:/dUnreal_Project/KitschKing/Content/Characters/Mannequins/Rigs/Poses/Manny/Manny_thigh_r_pose.uexp" 609
"D:/dUnreal_Project/KitschKing/Content/Characters/Mannequins/Rigs/Poses/Manny/Manny_hand_r_anim.uasset" 610
"D:/dUnreal_Project/KitschKing/Content/Characters/Mannequins/Rigs/Poses/Manny/Manny_hand_r_anim.uexp" 611
"D:/dUnreal_Project/KitschKing/Content/Characters/Mannequins/Rigs/Poses/Manny/Manny_hand_r_pose.uasset" 612
"D:/dUnreal_Project/KitschKing/Content/Characters/Mannequins/Rigs/Poses/Manny/Manny_hand_r_pose.uexp" 613
"D:/dUnreal_Project/KitschKing/Content/Characters/Mannequins/Rigs/Poses/Manny/Manny_clavicle_l_anim.uasset" 614
"D:/dUnreal_Project/KitschKing/Content/Characters/Mannequins/Rigs/Poses/Manny/Manny_clavicle_l_anim.uexp" 615
"D:/dUnreal_Project/KitschKing/Content/Characters/Mannequins/Rigs/Poses/Manny/Manny_clavicle_l_pose.uasset" 616
"D:/dUnreal_Project/KitschKing/Content/Characters/Mannequins/Rigs/Poses/Manny/Manny_clavicle_l_pose.uexp" 617
"D:/dUnreal_Project/KitschKing/Content/Characters/Mannequins/Rigs/Poses/Manny/Manny_calf_l_anim.uasset" 618
"D:/dUnreal_Project/KitschKing/Content/Characters/Mannequins/Rigs/Poses/Manny/Manny_calf_l_anim.uexp" 619
"D:/dUnreal_Project/KitschKing/Content/Characters/Mannequins/Rigs/Poses/Manny/Manny_calf_l_pose.uasset" 620
"D:/dUnreal_Project/KitschKing/Content/Characters/Mannequins/Rigs/Poses/Manny/Manny_calf_l_pose.uexp" 621
"D:/dUnreal_Project/KitschKing/Content/Characters/Mannequins/Rigs/Poses/Manny/Manny_hand_l_anim.uasset" 622
"D:/dUnreal_Project/KitschKing/Content/Characters/Mannequins/Rigs/Poses/Manny/Manny_hand_l_anim.uexp" 623
"D:/dUnreal_Project/KitschKing/Content/Characters/Mannequins/Rigs/Poses/Manny/Manny_hand_l_pose.uasset" 624
"D:/dUnreal_Project/KitschKing/Content/Characters/Mannequins/Rigs/Poses/Manny/Manny_hand_l_pose.uexp" 625
"../../../Engine/Plugins/Animation/ControlRig/Content/Controls/DefaultGizmoLibrary.uasset" 626
"../../../Engine/Plugins/Animation/ControlRig/Content/Controls/DefaultGizmoLibrary.uexp" 627
"D:/dUnreal_Project/KitschKing/Content/Characters/Mannequins/Rigs/CR_Mannequin_Procedural.uasset" 628
"D:/dUnreal_Project/KitschKing/Content/Characters/Mannequins/Rigs/CR_Mannequin_Procedural.uexp" 629
"D:/dUnreal_Project/KitschKing/Content/Characters/Mannequins/Rigs/Poses/Manny/Manny_upperarm_r_anim.uasset" 630
"D:/dUnreal_Project/KitschKing/Content/Characters/Mannequins/Rigs/Poses/Manny/Manny_upperarm_r_anim.uexp" 631
"D:/dUnreal_Project/KitschKing/Content/Characters/Mannequins/Rigs/Poses/Manny/Manny_upperarm_r_pose.uasset" 632
"D:/dUnreal_Project/KitschKing/Content/Characters/Mannequins/Rigs/Poses/Manny/Manny_upperarm_r_pose.uexp" 633
"D:/dUnreal_Project/KitschKing/Content/Characters/Mannequins/Rigs/Poses/Manny/Manny_lowerarm_r_anim.uasset" 634
"D:/dUnreal_Project/KitschKing/Content/Characters/Mannequins/Rigs/Poses/Manny/Manny_lowerarm_r_anim.uexp" 635
"D:/dUnreal_Project/KitschKing/Content/Characters/Mannequins/Rigs/Poses/Manny/Manny_lowerarm_r_pose.uasset" 636
"D:/dUnreal_Project/KitschKing/Content/Characters/Mannequins/Rigs/Poses/Manny/Manny_lowerarm_r_pose.uexp" 637
"D:/dUnreal_Project/KitschKing/Content/Characters/Mannequins/Rigs/Poses/Manny/Manny_calf_r_anim.uasset" 638
"D:/dUnreal_Project/KitschKing/Content/Characters/Mannequins/Rigs/Poses/Manny/Manny_calf_r_anim.uexp" 639
"D:/dUnreal_Project/KitschKing/Content/Characters/Mannequins/Rigs/Poses/Manny/Manny_calf_r_pose.uasset" 640
"D:/dUnreal_Project/KitschKing/Content/Characters/Mannequins/Rigs/Poses/Manny/Manny_calf_r_pose.uexp" 641
"D:/dUnreal_Project/KitschKing/Content/Characters/Mannequins/Rigs/Poses/Manny/Manny_foot_r_anim.uasset" 642
"D:/dUnreal_Project/KitschKing/Content/Characters/Mannequins/Rigs/Poses/Manny/Manny_foot_r_anim.uexp" 643
"D:/dUnreal_Project/KitschKing/Content/Characters/Mannequins/Rigs/Poses/Manny/Manny_foot_r_pose.uasset" 644
"D:/dUnreal_Project/KitschKing/Content/Characters/Mannequins/Rigs/Poses/Manny/Manny_foot_r_pose.uexp" 645
"D:/dUnreal_Project/KitschKing/Content/Characters/Mannequins/Rigs/Poses/Manny/Manny_lowerarm_l_anim.uasset" 646
"D:/dUnreal_Project/KitschKing/Content/Characters/Mannequins/Rigs/Poses/Manny/Manny_lowerarm_l_anim.uexp" 647
"D:/dUnreal_Project/KitschKing/Content/Characters/Mannequins/Rigs/Poses/Manny/Manny_lowerarm_l_pose.uasset" 648
"D:/dUnreal_Project/KitschKing/Content/Characters/Mannequins/Rigs/Poses/Manny/Manny_lowerarm_l_pose.uexp" 649
"D:/dUnreal_Project/KitschKing/Content/Characters/Mannequins/Rigs/Poses/Manny/Manny_clavicle_r_anim.uasset" 650
"D:/dUnreal_Project/KitschKing/Content/Characters/Mannequins/Rigs/Poses/Manny/Manny_clavicle_r_anim.uexp" 651
"D:/dUnreal_Project/KitschKing/Content/Characters/Mannequins/Rigs/Poses/Manny/Manny_clavicle_r_pose.uasset" 652
"D:/dUnreal_Project/KitschKing/Content/Characters/Mannequins/Rigs/Poses/Manny/Manny_clavicle_r_pose.uexp" 653
"D:/dUnreal_Project/KitschKing/Content/Characters/Mannequins/Rigs/Poses/Manny/Manny_thigh_l_anim.uasset" 654
"D:/dUnreal_Project/KitschKing/Content/Characters/Mannequins/Rigs/Poses/Manny/Manny_thigh_l_anim.uexp" 655
"D:/dUnreal_Project/KitschKing/Content/Characters/Mannequins/Rigs/Poses/Manny/Manny_thigh_l_pose.uasset" 656
"D:/dUnreal_Project/KitschKing/Content/Characters/Mannequins/Rigs/Poses/Manny/Manny_thigh_l_pose.uexp" 657
"D:/dUnreal_Project/KitschKing/Content/Characters/Mannequins/Rigs/Poses/Manny/Manny_upperarm_l_anim.uasset" 658
"D:/dUnreal_Project/KitschKing/Content/Characters/Mannequins/Rigs/Poses/Manny/Manny_upperarm_l_anim.uexp" 659
"D:/dUnreal_Project/KitschKing/Content/Characters/Mannequins/Rigs/Poses/Manny/Manny_upperarm_l_pose.uasset" 660
"D:/dUnreal_Project/KitschKing/Content/Characters/Mannequins/Rigs/Poses/Manny/Manny_upperarm_l_pose.uexp" 661
"D:/dUnreal_Project/KitschKing/Content/Characters/Mannequins/Rigs/ABP_Manny_PostProcess.uasset" 662
"D:/dUnreal_Project/KitschKing/Content/Characters/Mannequins/Rigs/ABP_Manny_PostProcess.uexp" 663
"D:/dUnreal_Project/KitschKing/Content/Characters/Mannequins/Textures/Manny/T_Manny_02_MSR_MSK.ubulk" 664
"D:/dUnreal_Project/KitschKing/Content/Characters/Mannequins/Textures/Manny/T_Manny_02_MSR_MSK.uasset" 665
"D:/dUnreal_Project/KitschKing/Content/Characters/Mannequins/Textures/Manny/T_Manny_02_MSR_MSK.uexp" 666
"D:/dUnreal_Project/KitschKing/Content/Characters/Mannequins/Textures/Manny/T_Manny_02_CCRCCPlastic_MSK.ubulk" 667
"D:/dUnreal_Project/KitschKing/Content/Characters/Mannequins/Textures/Manny/T_Manny_02_CCRCCPlastic_MSK.uasset" 668
"D:/dUnreal_Project/KitschKing/Content/Characters/Mannequins/Textures/Manny/T_Manny_02_CCRCCPlastic_MSK.uexp" 669
"D:/dUnreal_Project/KitschKing/Content/Characters/Mannequins/Textures/Manny/T_Manny_02_Tan.ubulk" 670
"D:/dUnreal_Project/KitschKing/Content/Characters/Mannequins/Textures/Manny/T_Manny_02_Tan.uasset" 671
"D:/dUnreal_Project/KitschKing/Content/Characters/Mannequins/Textures/Manny/T_Manny_02_Tan.uexp" 672
"D:/dUnreal_Project/KitschKing/Content/Characters/Mannequins/Textures/Manny/T_Manny_02_N.ubulk" 673
"D:/dUnreal_Project/KitschKing/Content/Characters/Mannequins/Textures/Manny/T_Manny_02_N.uasset" 674
"D:/dUnreal_Project/KitschKing/Content/Characters/Mannequins/Textures/Manny/T_Manny_02_N.uexp" 675
"D:/dUnreal_Project/KitschKing/Content/Characters/Mannequins/Textures/Manny/T_Manny_01_N.ubulk" 676
"D:/dUnreal_Project/KitschKing/Content/Characters/Mannequins/Textures/Manny/T_Manny_01_N.uasset" 677
"D:/dUnreal_Project/KitschKing/Content/Characters/Mannequins/Textures/Manny/T_Manny_01_N.uexp" 678
"D:/dUnreal_Project/KitschKing/Content/Characters/Mannequins/Materials/Functions/ChromaticCurve.uasset" 679
"D:/dUnreal_Project/KitschKing/Content/Characters/Mannequins/Materials/Functions/ChromaticCurve.uexp" 680
"D:/dUnreal_Project/KitschKing/Content/Characters/Mannequins/Materials/Functions/CA_Mannequin.uasset" 681
"D:/dUnreal_Project/KitschKing/Content/Characters/Mannequins/Materials/Functions/CA_Mannequin.uexp" 682
"D:/dUnreal_Project/KitschKing/Content/Characters/Mannequins/Materials/Functions/MF_Diffraction.uasset" 683
"D:/dUnreal_Project/KitschKing/Content/Characters/Mannequins/Materials/Functions/MF_Diffraction.uexp" 684
"D:/dUnreal_Project/KitschKing/Content/Characters/Mannequins/Materials/Functions/ML_BaseColorFallOff.uasset" 685
"D:/dUnreal_Project/KitschKing/Content/Characters/Mannequins/Materials/Functions/ML_BaseColorFallOff.uexp" 686
"../../../Engine/Content/Functions/Engine_MaterialFunctions01/Texturing/ScaleUVsByCenter.uasset" 687
"../../../Engine/Content/Functions/Engine_MaterialFunctions01/Texturing/ScaleUVsByCenter.uexp" 688
"D:/dUnreal_Project/KitschKing/Content/Characters/Mannequins/Textures/Shared/T_UE_Logo_M.uasset" 689
"D:/dUnreal_Project/KitschKing/Content/Characters/Mannequins/Textures/Shared/T_UE_Logo_M.uexp" 690
"D:/dUnreal_Project/KitschKing/Content/Characters/Mannequins/Materials/Functions/MF_logo3layers.uasset" 691
"D:/dUnreal_Project/KitschKing/Content/Characters/Mannequins/Materials/Functions/MF_logo3layers.uexp" 692
"D:/dUnreal_Project/KitschKing/Content/Characters/Mannequins/Textures/Manny/T_Manny_01_CCRCCPlastic_MSK.ubulk" 693
"D:/dUnreal_Project/KitschKing/Content/Characters/Mannequins/Textures/Manny/T_Manny_01_CCRCCPlastic_MSK.uasset" 694
"D:/dUnreal_Project/KitschKing/Content/Characters/Mannequins/Textures/Manny/T_Manny_01_CCRCCPlastic_MSK.uexp" 695
"D:/dUnreal_Project/KitschKing/Content/Characters/Mannequins/Textures/Manny/T_Manny_01_ASAOPMASK_MSK.ubulk" 696
"D:/dUnreal_Project/KitschKing/Content/Characters/Mannequins/Textures/Manny/T_Manny_01_ASAOPMASK_MSK.uasset" 697
"D:/dUnreal_Project/KitschKing/Content/Characters/Mannequins/Textures/Manny/T_Manny_01_ASAOPMASK_MSK.uexp" 698
"D:/dUnreal_Project/KitschKing/Content/Characters/Mannequins/Textures/Manny/T_Manny_01_MSR_MSK.ubulk" 699
"D:/dUnreal_Project/KitschKing/Content/Characters/Mannequins/Textures/Manny/T_Manny_01_MSR_MSK.uasset" 700
"D:/dUnreal_Project/KitschKing/Content/Characters/Mannequins/Textures/Manny/T_Manny_01_MSR_MSK.uexp" 701
"D:/dUnreal_Project/KitschKing/Content/Characters/Mannequins/Textures/Manny/T_Manny_01_BN.ubulk" 702
"D:/dUnreal_Project/KitschKing/Content/Characters/Mannequins/Textures/Manny/T_Manny_01_BN.uasset" 703
"D:/dUnreal_Project/KitschKing/Content/Characters/Mannequins/Textures/Manny/T_Manny_01_BN.uexp" 704
"D:/dUnreal_Project/KitschKing/Content/Characters/Mannequins/Textures/Manny/T_Manny_01_D.ubulk" 705
"D:/dUnreal_Project/KitschKing/Content/Characters/Mannequins/Textures/Manny/T_Manny_01_D.uasset" 706
"D:/dUnreal_Project/KitschKing/Content/Characters/Mannequins/Textures/Manny/T_Manny_01_D.uexp" 707
"D:/dUnreal_Project/KitschKing/Content/Characters/Mannequins/Textures/Manny/T_Manny_01_Tan.ubulk" 708
"D:/dUnreal_Project/KitschKing/Content/Characters/Mannequins/Textures/Manny/T_Manny_01_Tan.uasset" 709
"D:/dUnreal_Project/KitschKing/Content/Characters/Mannequins/Textures/Manny/T_Manny_01_Tan.uexp" 710
"D:/dUnreal_Project/KitschKing/Content/Characters/Mannequins/Materials/M_Mannequin.uasset" 711
"D:/dUnreal_Project/KitschKing/Content/Characters/Mannequins/Materials/M_Mannequin.uexp" 712
"D:/dUnreal_Project/KitschKing/Content/Characters/Mannequins/Materials/Instances/Manny/MI_Manny_01.uasset" 713
"D:/dUnreal_Project/KitschKing/Content/Characters/Mannequins/Materials/Instances/Manny/MI_Manny_01.uexp" 714
"D:/dUnreal_Project/KitschKing/Content/Characters/Mannequins/Textures/Manny/T_Manny_02_BN.ubulk" 715
"D:/dUnreal_Project/KitschKing/Content/Characters/Mannequins/Textures/Manny/T_Manny_02_BN.uasset" 716
"D:/dUnreal_Project/KitschKing/Content/Characters/Mannequins/Textures/Manny/T_Manny_02_BN.uexp" 717
"D:/dUnreal_Project/KitschKing/Content/Characters/Mannequins/Textures/Manny/T_Manny_02_ASAOPMASK_MSK.ubulk" 718
"D:/dUnreal_Project/KitschKing/Content/Characters/Mannequins/Textures/Manny/T_Manny_02_ASAOPMASK_MSK.uasset" 719
"D:/dUnreal_Project/KitschKing/Content/Characters/Mannequins/Textures/Manny/T_Manny_02_ASAOPMASK_MSK.uexp" 720
"D:/dUnreal_Project/KitschKing/Content/Characters/Mannequins/Textures/Manny/T_Manny_02_D.ubulk" 721
"D:/dUnreal_Project/KitschKing/Content/Characters/Mannequins/Textures/Manny/T_Manny_02_D.uasset" 722
"D:/dUnreal_Project/KitschKing/Content/Characters/Mannequins/Textures/Manny/T_Manny_02_D.uexp" 723
"D:/dUnreal_Project/KitschKing/Content/Characters/Mannequins/Materials/Instances/Manny/MI_Manny_02.uasset" 724
"D:/dUnreal_Project/KitschKing/Content/Characters/Mannequins/Materials/Instances/Manny/MI_Manny_02.uexp" 725
"D:/dUnreal_Project/KitschKing/Content/Characters/Mannequins/Rigs/PA_Mannequin.uasset" 726
"D:/dUnreal_Project/KitschKing/Content/Characters/Mannequins/Rigs/PA_Mannequin.uexp" 727
"D:/dUnreal_Project/KitschKing/Content/Characters/Mannequins/Meshes/SKM_Manny.uasset" 728
"D:/dUnreal_Project/KitschKing/Content/Characters/Mannequins/Meshes/SKM_Manny.uexp" 729
"D:/dUnreal_Project/KitschKing/Content/Characters/Mannequins/Meshes/SKM_Manny_Simple.uasset" 730
"D:/dUnreal_Project/KitschKing/Content/Characters/Mannequins/Meshes/SKM_Manny_Simple.uexp" 731
"D:/dUnreal_Project/KitschKing/Content/Characters/Mannequins/Rigs/RTG_Mannequin.uasset" 732
"D:/dUnreal_Project/KitschKing/Content/Characters/Mannequins/Rigs/RTG_Mannequin.uexp" 733
"D:/dUnreal_Project/KitschKing/Content/Characters/Mannequins/Rigs/IK_Mannequin.uasset" 734
"D:/dUnreal_Project/KitschKing/Content/Characters/Mannequins/Rigs/IK_Mannequin.uexp" 735
"../../../Engine/Plugins/Animation/ControlRig/Content/Controls/DefaultGizmoLibraryNormalized.uasset" 736
"../../../Engine/Plugins/Animation/ControlRig/Content/Controls/DefaultGizmoLibraryNormalized.uexp" 737
"D:/dUnreal_Project/KitschKing/Content/Characters/Mannequins/Rigs/CR_Mannequin_Body.uasset" 738
"D:/dUnreal_Project/KitschKing/Content/Characters/Mannequins/Rigs/CR_Mannequin_Body.uexp" 739
"D:/dUnreal_Project/KitschKing/Content/Characters/Mannequins/Rigs/Poses/Quinn/Quinn_foot_l_anim.uasset" 740
"D:/dUnreal_Project/KitschKing/Content/Characters/Mannequins/Rigs/Poses/Quinn/Quinn_foot_l_anim.uexp" 741
"D:/dUnreal_Project/KitschKing/Content/Characters/Mannequins/Rigs/Poses/Quinn/Quinn_foot_l_pose.uasset" 742
"D:/dUnreal_Project/KitschKing/Content/Characters/Mannequins/Rigs/Poses/Quinn/Quinn_foot_l_pose.uexp" 743
"D:/dUnreal_Project/KitschKing/Content/Characters/Mannequins/Rigs/Poses/Quinn/Quinn_clavicle_l_anim.uasset" 744
"D:/dUnreal_Project/KitschKing/Content/Characters/Mannequins/Rigs/Poses/Quinn/Quinn_clavicle_l_anim.uexp" 745
"D:/dUnreal_Project/KitschKing/Content/Characters/Mannequins/Rigs/Poses/Quinn/Quinn_clavicle_l_pose.uasset" 746
"D:/dUnreal_Project/KitschKing/Content/Characters/Mannequins/Rigs/Poses/Quinn/Quinn_clavicle_l_pose.uexp" 747
"D:/dUnreal_Project/KitschKing/Content/Characters/Mannequins/Rigs/Poses/Quinn/Quinn_clavicle_r_anim.uasset" 748
"D:/dUnreal_Project/KitschKing/Content/Characters/Mannequins/Rigs/Poses/Quinn/Quinn_clavicle_r_anim.uexp" 749
"D:/dUnreal_Project/KitschKing/Content/Characters/Mannequins/Rigs/Poses/Quinn/Quinn_clavicle_r_pose.uasset" 750
"D:/dUnreal_Project/KitschKing/Content/Characters/Mannequins/Rigs/Poses/Quinn/Quinn_clavicle_r_pose.uexp" 751
"D:/dUnreal_Project/KitschKing/Content/Characters/Mannequins/Rigs/Poses/Quinn/Quinn_upperarm_l_anim.uasset" 752
"D:/dUnreal_Project/KitschKing/Content/Characters/Mannequins/Rigs/Poses/Quinn/Quinn_upperarm_l_anim.uexp" 753
"D:/dUnreal_Project/KitschKing/Content/Characters/Mannequins/Rigs/Poses/Quinn/Quinn_upperarm_l_pose.uasset" 754
"D:/dUnreal_Project/KitschKing/Content/Characters/Mannequins/Rigs/Poses/Quinn/Quinn_upperarm_l_pose.uexp" 755
"D:/dUnreal_Project/KitschKing/Content/Characters/Mannequins/Rigs/Poses/Quinn/Quinn_lowerarm_l_anim.uasset" 756
"D:/dUnreal_Project/KitschKing/Content/Characters/Mannequins/Rigs/Poses/Quinn/Quinn_lowerarm_l_anim.uexp" 757
"D:/dUnreal_Project/KitschKing/Content/Characters/Mannequins/Rigs/Poses/Quinn/Quinn_lowerarm_l_pose.uasset" 758
"D:/dUnreal_Project/KitschKing/Content/Characters/Mannequins/Rigs/Poses/Quinn/Quinn_lowerarm_l_pose.uexp" 759
"D:/dUnreal_Project/KitschKing/Content/Characters/Mannequins/Rigs/Poses/Quinn/Quinn_calf_l_anim.uasset" 760
"D:/dUnreal_Project/KitschKing/Content/Characters/Mannequins/Rigs/Poses/Quinn/Quinn_calf_l_anim.uexp" 761
"D:/dUnreal_Project/KitschKing/Content/Characters/Mannequins/Rigs/Poses/Quinn/Quinn_calf_l_pose.uasset" 762
"D:/dUnreal_Project/KitschKing/Content/Characters/Mannequins/Rigs/Poses/Quinn/Quinn_calf_l_pose.uexp" 763
"D:/dUnreal_Project/KitschKing/Content/Characters/Mannequins/Rigs/Poses/Quinn/Quinn_upperarm_r_anim.uasset" 764
"D:/dUnreal_Project/KitschKing/Content/Characters/Mannequins/Rigs/Poses/Quinn/Quinn_upperarm_r_anim.uexp" 765
"D:/dUnreal_Project/KitschKing/Content/Characters/Mannequins/Rigs/Poses/Quinn/Quinn_upperarm_r_pose.uasset" 766
"D:/dUnreal_Project/KitschKing/Content/Characters/Mannequins/Rigs/Poses/Quinn/Quinn_upperarm_r_pose.uexp" 767
"D:/dUnreal_Project/KitschKing/Content/Characters/Mannequins/Rigs/Poses/Quinn/Quinn_calf_r_anim.uasset" 768
"D:/dUnreal_Project/KitschKing/Content/Characters/Mannequins/Rigs/Poses/Quinn/Quinn_calf_r_anim.uexp" 769
"D:/dUnreal_Project/KitschKing/Content/Characters/Mannequins/Rigs/Poses/Quinn/Quinn_calf_r_pose.uasset" 770
"D:/dUnreal_Project/KitschKing/Content/Characters/Mannequins/Rigs/Poses/Quinn/Quinn_calf_r_pose.uexp" 771
"D:/dUnreal_Project/KitschKing/Content/Characters/Mannequins/Rigs/Poses/Quinn/Quinn_foot_r_anim.uasset" 772
"D:/dUnreal_Project/KitschKing/Content/Characters/Mannequins/Rigs/Poses/Quinn/Quinn_foot_r_anim.uexp" 773
"D:/dUnreal_Project/KitschKing/Content/Characters/Mannequins/Rigs/Poses/Quinn/Quinn_foot_r_pose.uasset" 774
"D:/dUnreal_Project/KitschKing/Content/Characters/Mannequins/Rigs/Poses/Quinn/Quinn_foot_r_pose.uexp" 775
"D:/dUnreal_Project/KitschKing/Content/Characters/Mannequins/Rigs/Poses/Quinn/Quinn_lowerarm_r_anim.uasset" 776
"D:/dUnreal_Project/KitschKing/Content/Characters/Mannequins/Rigs/Poses/Quinn/Quinn_lowerarm_r_anim.uexp" 777
"D:/dUnreal_Project/KitschKing/Content/Characters/Mannequins/Rigs/Poses/Quinn/Quinn_lowerarm_r_pose.uasset" 778
"D:/dUnreal_Project/KitschKing/Content/Characters/Mannequins/Rigs/Poses/Quinn/Quinn_lowerarm_r_pose.uexp" 779
"D:/dUnreal_Project/KitschKing/Content/Characters/Mannequins/Rigs/Poses/Quinn/Quinn_thigh_l_anim.uasset" 780
"D:/dUnreal_Project/KitschKing/Content/Characters/Mannequins/Rigs/Poses/Quinn/Quinn_thigh_l_anim.uexp" 781
"D:/dUnreal_Project/KitschKing/Content/Characters/Mannequins/Rigs/Poses/Quinn/Quinn_thigh_l_pose.uasset" 782
"D:/dUnreal_Project/KitschKing/Content/Characters/Mannequins/Rigs/Poses/Quinn/Quinn_thigh_l_pose.uexp" 783
"D:/dUnreal_Project/KitschKing/Content/Characters/Mannequins/Rigs/Poses/Quinn/Quinn_thigh_r_anim.uasset" 784
"D:/dUnreal_Project/KitschKing/Content/Characters/Mannequins/Rigs/Poses/Quinn/Quinn_thigh_r_anim.uexp" 785
"D:/dUnreal_Project/KitschKing/Content/Characters/Mannequins/Rigs/Poses/Quinn/Quinn_thigh_r_pose.uasset" 786
"D:/dUnreal_Project/KitschKing/Content/Characters/Mannequins/Rigs/Poses/Quinn/Quinn_thigh_r_pose.uexp" 787
"D:/dUnreal_Project/KitschKing/Content/Characters/Mannequins/Rigs/Poses/Quinn/Quinn_hand_l_anim.uasset" 788
"D:/dUnreal_Project/KitschKing/Content/Characters/Mannequins/Rigs/Poses/Quinn/Quinn_hand_l_anim.uexp" 789
"D:/dUnreal_Project/KitschKing/Content/Characters/Mannequins/Rigs/Poses/Quinn/Quinn_hand_l_pose.uasset" 790
"D:/dUnreal_Project/KitschKing/Content/Characters/Mannequins/Rigs/Poses/Quinn/Quinn_hand_l_pose.uexp" 791
"D:/dUnreal_Project/KitschKing/Content/Characters/Mannequins/Rigs/Poses/Quinn/Quinn_hand_r_anim.uasset" 792
"D:/dUnreal_Project/KitschKing/Content/Characters/Mannequins/Rigs/Poses/Quinn/Quinn_hand_r_anim.uexp" 793
"D:/dUnreal_Project/KitschKing/Content/Characters/Mannequins/Rigs/Poses/Quinn/Quinn_hand_r_pose.uasset" 794
"D:/dUnreal_Project/KitschKing/Content/Characters/Mannequins/Rigs/Poses/Quinn/Quinn_hand_r_pose.uexp" 795
"D:/dUnreal_Project/KitschKing/Content/Characters/Mannequins/Rigs/ABP_Quinn_PostProcess.uasset" 796
"D:/dUnreal_Project/KitschKing/Content/Characters/Mannequins/Rigs/ABP_Quinn_PostProcess.uexp" 797
"D:/dUnreal_Project/KitschKing/Content/Characters/Mannequins/Textures/Quinn/T_Quinn_02ID_MSR_MSK.ubulk" 798
"D:/dUnreal_Project/KitschKing/Content/Characters/Mannequins/Textures/Quinn/T_Quinn_02ID_MSR_MSK.uasset" 799
"D:/dUnreal_Project/KitschKing/Content/Characters/Mannequins/Textures/Quinn/T_Quinn_02ID_MSR_MSK.uexp" 800
"D:/dUnreal_Project/KitschKing/Content/Characters/Mannequins/Textures/Quinn/T_Quinn_02ID_BN.ubulk" 801
"D:/dUnreal_Project/KitschKing/Content/Characters/Mannequins/Textures/Quinn/T_Quinn_02ID_BN.uasset" 802
"D:/dUnreal_Project/KitschKing/Content/Characters/Mannequins/Textures/Quinn/T_Quinn_02ID_BN.uexp" 803
"D:/dUnreal_Project/KitschKing/Content/Characters/Mannequins/Textures/Quinn/T_Quinn_02_ASAOMASK_MSK.ubulk" 804
"D:/dUnreal_Project/KitschKing/Content/Characters/Mannequins/Textures/Quinn/T_Quinn_02_ASAOMASK_MSK.uasset" 805
"D:/dUnreal_Project/KitschKing/Content/Characters/Mannequins/Textures/Quinn/T_Quinn_02_ASAOMASK_MSK.uexp" 806
"D:/dUnreal_Project/KitschKing/Content/Characters/Mannequins/Textures/Quinn/T_Quinn_02_CCRCCPlastic_MSK.ubulk" 807
"D:/dUnreal_Project/KitschKing/Content/Characters/Mannequins/Textures/Quinn/T_Quinn_02_CCRCCPlastic_MSK.uasset" 808
"D:/dUnreal_Project/KitschKing/Content/Characters/Mannequins/Textures/Quinn/T_Quinn_02_CCRCCPlastic_MSK.uexp" 809
"D:/dUnreal_Project/KitschKing/Content/Characters/Mannequins/Textures/Quinn/T_Quinn_02ID_Tan.ubulk" 810
"D:/dUnreal_Project/KitschKing/Content/Characters/Mannequins/Textures/Quinn/T_Quinn_02ID_Tan.uasset" 811
"D:/dUnreal_Project/KitschKing/Content/Characters/Mannequins/Textures/Quinn/T_Quinn_02ID_Tan.uexp" 812
"D:/dUnreal_Project/KitschKing/Content/Characters/Mannequins/Textures/Quinn/T_Quinn_02ID_D.ubulk" 813
"D:/dUnreal_Project/KitschKing/Content/Characters/Mannequins/Textures/Quinn/T_Quinn_02ID_D.uasset" 814
"D:/dUnreal_Project/KitschKing/Content/Characters/Mannequins/Textures/Quinn/T_Quinn_02ID_D.uexp" 815
"D:/dUnreal_Project/KitschKing/Content/Characters/Mannequins/Textures/Quinn/T_Quinn_01ID_MSR_MSK.ubulk" 816
"D:/dUnreal_Project/KitschKing/Content/Characters/Mannequins/Textures/Quinn/T_Quinn_01ID_MSR_MSK.uasset" 817
"D:/dUnreal_Project/KitschKing/Content/Characters/Mannequins/Textures/Quinn/T_Quinn_01ID_MSR_MSK.uexp" 818
"D:/dUnreal_Project/KitschKing/Content/Characters/Mannequins/Textures/Quinn/T_Quinn_01_ASAOMASK_MSK.ubulk" 819
"D:/dUnreal_Project/KitschKing/Content/Characters/Mannequins/Textures/Quinn/T_Quinn_01_ASAOMASK_MSK.uasset" 820
"D:/dUnreal_Project/KitschKing/Content/Characters/Mannequins/Textures/Quinn/T_Quinn_01_ASAOMASK_MSK.uexp" 821
"D:/dUnreal_Project/KitschKing/Content/Characters/Mannequins/Textures/Quinn/T_Quinn_01ID_N.ubulk" 822
"D:/dUnreal_Project/KitschKing/Content/Characters/Mannequins/Textures/Quinn/T_Quinn_01ID_N.uasset" 823
"D:/dUnreal_Project/KitschKing/Content/Characters/Mannequins/Textures/Quinn/T_Quinn_01ID_N.uexp" 824
"D:/dUnreal_Project/KitschKing/Content/Characters/Mannequins/Textures/Quinn/T_Quinn_01ID_BN.ubulk" 825
"D:/dUnreal_Project/KitschKing/Content/Characters/Mannequins/Textures/Quinn/T_Quinn_01ID_BN.uasset" 826
"D:/dUnreal_Project/KitschKing/Content/Characters/Mannequins/Textures/Quinn/T_Quinn_01ID_BN.uexp" 827
"D:/dUnreal_Project/KitschKing/Content/Characters/Mannequins/Textures/Quinn/T_Quinn_01ID_D.ubulk" 828
"D:/dUnreal_Project/KitschKing/Content/Characters/Mannequins/Textures/Quinn/T_Quinn_01ID_D.uasset" 829
"D:/dUnreal_Project/KitschKing/Content/Characters/Mannequins/Textures/Quinn/T_Quinn_01ID_D.uexp" 830
"D:/dUnreal_Project/KitschKing/Content/Characters/Mannequins/Textures/Quinn/T_Quinn_01ID_Tan.ubulk" 831
"D:/dUnreal_Project/KitschKing/Content/Characters/Mannequins/Textures/Quinn/T_Quinn_01ID_Tan.uasset" 832
"D:/dUnreal_Project/KitschKing/Content/Characters/Mannequins/Textures/Quinn/T_Quinn_01ID_Tan.uexp" 833
"D:/dUnreal_Project/KitschKing/Content/Characters/Mannequins/Textures/Quinn/T_Quinn_01_CCRCCPlastic_MSK.ubulk" 834
"D:/dUnreal_Project/KitschKing/Content/Characters/Mannequins/Textures/Quinn/T_Quinn_01_CCRCCPlastic_MSK.uasset" 835
"D:/dUnreal_Project/KitschKing/Content/Characters/Mannequins/Textures/Quinn/T_Quinn_01_CCRCCPlastic_MSK.uexp" 836
"D:/dUnreal_Project/KitschKing/Content/Characters/Mannequins/Materials/Instances/Quinn/MI_Quinn_01.uasset" 837
"D:/dUnreal_Project/KitschKing/Content/Characters/Mannequins/Materials/Instances/Quinn/MI_Quinn_01.uexp" 838
"D:/dUnreal_Project/KitschKing/Content/Characters/Mannequins/Textures/Quinn/T_Quinn_02ID_N.ubulk" 839
"D:/dUnreal_Project/KitschKing/Content/Characters/Mannequins/Textures/Quinn/T_Quinn_02ID_N.uasset" 840
"D:/dUnreal_Project/KitschKing/Content/Characters/Mannequins/Textures/Quinn/T_Quinn_02ID_N.uexp" 841
"D:/dUnreal_Project/KitschKing/Content/Characters/Mannequins/Materials/Instances/Quinn/MI_Quinn_02.uasset" 842
"D:/dUnreal_Project/KitschKing/Content/Characters/Mannequins/Materials/Instances/Quinn/MI_Quinn_02.uexp" 843
"D:/dUnreal_Project/KitschKing/Content/Characters/Mannequins/Meshes/SKM_Quinn.uasset" 844
"D:/dUnreal_Project/KitschKing/Content/Characters/Mannequins/Meshes/SKM_Quinn.uexp" 845
"D:/dUnreal_Project/KitschKing/Content/Characters/Mannequins/Meshes/Mannequin_LODSettings.uasset" 846
"D:/dUnreal_Project/KitschKing/Content/Characters/Mannequins/Meshes/Mannequin_LODSettings.uexp" 847
"../../../Engine/Content/Maps/Templates/HLODs/HLODLayer_Merged.uasset" 848
"../../../Engine/Content/Maps/Templates/HLODs/HLODLayer_Merged.uexp" 849
"../../../Engine/Content/Functions/Engine_MaterialFunctions01/Shading/PowerToRoughness.uasset" 850
"../../../Engine/Content/Functions/Engine_MaterialFunctions01/Shading/PowerToRoughness.uexp" 851
"../../../Engine/Content/Functions/Engine_MaterialFunctions01/Shading/ConvertFromDiffSpec.uasset" 852
"../../../Engine/Content/Functions/Engine_MaterialFunctions01/Shading/ConvertFromDiffSpec.uexp" 853
"D:/dUnreal_Project/KitschKing/Content/ThirdPerson/Blueprints/Core/WB_Framework_Example.uasset" 854
"D:/dUnreal_Project/KitschKing/Content/ThirdPerson/Blueprints/Core/WB_Framework_Example.uexp" 855
"D:/dUnreal_Project/KitschKing/Content/ThirdPerson/Input/Actions/IA_Sprint.uasset" 856
"D:/dUnreal_Project/KitschKing/Content/ThirdPerson/Input/Actions/IA_Sprint.uexp" 857
"D:/dUnreal_Project/KitschKing/Content/Characters/Mannequins/Meshes/SKM_Quinn_Simple.uasset" 858
"D:/dUnreal_Project/KitschKing/Content/Characters/Mannequins/Meshes/SKM_Quinn_Simple.uexp" 859
"D:/dUnreal_Project/KitschKing/Content/ThirdPerson/Input/Actions/IA_Jump.uasset" 860
"D:/dUnreal_Project/KitschKing/Content/ThirdPerson/Input/Actions/IA_Jump.uexp" 861
"D:/dUnreal_Project/KitschKing/Content/ThirdPerson/Input/Actions/IA_Look.uasset" 862
"D:/dUnreal_Project/KitschKing/Content/ThirdPerson/Input/Actions/IA_Look.uexp" 863
"D:/dUnreal_Project/KitschKing/Content/ThirdPerson/Input/Actions/IA_Move.uasset" 864
"D:/dUnreal_Project/KitschKing/Content/ThirdPerson/Input/Actions/IA_Move.uexp" 865
"D:/dUnreal_Project/KitschKing/Content/ThirdPerson/Input/IMC_Default.uasset" 866
"D:/dUnreal_Project/KitschKing/Content/ThirdPerson/Input/IMC_Default.uexp" 867
"D:/dUnreal_Project/KitschKing/Content/Characters/Mannequins/Animations/Quinn/MF_Run_Fwd.uasset" 868
"D:/dUnreal_Project/KitschKing/Content/Characters/Mannequins/Animations/Quinn/MF_Run_Fwd.uexp" 869
"D:/dUnreal_Project/KitschKing/Content/Characters/Mannequins/Animations/Quinn/MF_Walk_Fwd.uasset" 870
"D:/dUnreal_Project/KitschKing/Content/Characters/Mannequins/Animations/Quinn/MF_Walk_Fwd.uexp" 871
"../../../Engine/Content/Animation/DefaultRecorderBoneCompression.uasset" 872
"../../../Engine/Content/Animation/DefaultRecorderBoneCompression.uexp" 873
"D:/dUnreal_Project/KitschKing/Content/Characters/Mannequins/Animations/Manny/MM_Walk_InPlace.uasset" 874
"D:/dUnreal_Project/KitschKing/Content/Characters/Mannequins/Animations/Manny/MM_Walk_InPlace.uexp" 875
"D:/dUnreal_Project/KitschKing/Content/Characters/Mannequins/Animations/Quinn/BS_MF_Unarmed_WalkRun.uasset" 876
"D:/dUnreal_Project/KitschKing/Content/Characters/Mannequins/Animations/Quinn/BS_MF_Unarmed_WalkRun.uexp" 877
"D:/dUnreal_Project/KitschKing/Content/Characters/Mannequins/Animations/Quinn/MF_Idle.uasset" 878
"D:/dUnreal_Project/KitschKing/Content/Characters/Mannequins/Animations/Quinn/MF_Idle.uexp" 879
"D:/dUnreal_Project/KitschKing/Content/Characters/Mannequins/Animations/Manny/MM_Fall_Loop.uasset" 880
"D:/dUnreal_Project/KitschKing/Content/Characters/Mannequins/Animations/Manny/MM_Fall_Loop.uexp" 881
"D:/dUnreal_Project/KitschKing/Content/Characters/Mannequins/Animations/Manny/MM_Jump.uasset" 882
"D:/dUnreal_Project/KitschKing/Content/Characters/Mannequins/Animations/Manny/MM_Jump.uexp" 883
"D:/dUnreal_Project/KitschKing/Content/Characters/Mannequins/Rigs/CR_Mannequin_BasicFootIK.uasset" 884
"D:/dUnreal_Project/KitschKing/Content/Characters/Mannequins/Rigs/CR_Mannequin_BasicFootIK.uexp" 885
"D:/dUnreal_Project/KitschKing/Content/Characters/Mannequins/Animations/Manny/MM_Run_Fwd.uasset" 886
"D:/dUnreal_Project/KitschKing/Content/Characters/Mannequins/Animations/Manny/MM_Run_Fwd.uexp" 887
"D:/dUnreal_Project/KitschKing/Content/Characters/Mannequins/Animations/Manny/MM_Walk_Fwd.uasset" 888
"D:/dUnreal_Project/KitschKing/Content/Characters/Mannequins/Animations/Manny/MM_Walk_Fwd.uexp" 889
"D:/dUnreal_Project/KitschKing/Content/Characters/Mannequins/Animations/Manny/BS_MM_WalkRun.uasset" 890
"D:/dUnreal_Project/KitschKing/Content/Characters/Mannequins/Animations/Manny/BS_MM_WalkRun.uexp" 891
"D:/dUnreal_Project/KitschKing/Content/Characters/Mannequins/Animations/Manny/MM_Land.uasset" 892
"D:/dUnreal_Project/KitschKing/Content/Characters/Mannequins/Animations/Manny/MM_Land.uexp" 893
"D:/dUnreal_Project/KitschKing/Content/Characters/Mannequins/Animations/Manny/MM_Idle.uasset" 894
"D:/dUnreal_Project/KitschKing/Content/Characters/Mannequins/Animations/Manny/MM_Idle.uexp" 895
"D:/dUnreal_Project/KitschKing/Content/Characters/Mannequins/Animations/ABP_Manny.uasset" 896
"D:/dUnreal_Project/KitschKing/Content/Characters/Mannequins/Animations/ABP_Manny.uexp" 897
"D:/dUnreal_Project/KitschKing/Content/Characters/Mannequins/Animations/ABP_Quinn.uasset" 898
"D:/dUnreal_Project/KitschKing/Content/Characters/Mannequins/Animations/ABP_Quinn.uexp" 899
"../../../Engine/Content/EditorBlueprintResources/StandardMacros.uasset" 900
"../../../Engine/Content/EditorBlueprintResources/StandardMacros.uexp" 901
"D:/dUnreal_Project/KitschKing/Content/ThirdPerson/Blueprints/BP_ThirdPersonCharacter.uasset" 902
"D:/dUnreal_Project/KitschKing/Content/ThirdPerson/Blueprints/BP_ThirdPersonCharacter.uexp" 903
"D:/dUnreal_Project/KitschKing/Content/ThirdPerson/Blueprints/Core/BP_PS_Framework.uasset" 904
"D:/dUnreal_Project/KitschKing/Content/ThirdPerson/Blueprints/Core/BP_PS_Framework.uexp" 905
"D:/dUnreal_Project/KitschKing/Content/ThirdPerson/Blueprints/Core/BP_PC_Framework.uasset" 906
"D:/dUnreal_Project/KitschKing/Content/ThirdPerson/Blueprints/Core/BP_PC_Framework.uexp" 907
"D:/dUnreal_Project/KitschKing/Content/ThirdPerson/Blueprints/Core/BP_GS_Framework.uasset" 908
"D:/dUnreal_Project/KitschKing/Content/ThirdPerson/Blueprints/Core/BP_GS_Framework.uexp" 909
"D:/dUnreal_Project/KitschKing/Content/ThirdPerson/Blueprints/Core/BP_GM_Framework.uasset" 910
"D:/dUnreal_Project/KitschKing/Content/ThirdPerson/Blueprints/Core/BP_GM_Framework.uexp" 911
"D:/dUnreal_Project/KitschKing/Content/Characters/Mannequin_UE4/Textures/T_UELogo_N_TGA.ubulk" 912
"D:/dUnreal_Project/KitschKing/Content/Characters/Mannequin_UE4/Textures/T_UELogo_N_TGA.uasset" 913
"D:/dUnreal_Project/KitschKing/Content/Characters/Mannequin_UE4/Textures/T_UELogo_N_TGA.uexp" 914
"D:/dUnreal_Project/KitschKing/Content/Characters/Mannequin_UE4/Textures/T_UE4_Mannequin__normals.ubulk" 915
"D:/dUnreal_Project/KitschKing/Content/Characters/Mannequin_UE4/Textures/T_UE4_Mannequin__normals.uasset" 916
"D:/dUnreal_Project/KitschKing/Content/Characters/Mannequin_UE4/Textures/T_UE4_Mannequin__normals.uexp" 917
"D:/dUnreal_Project/KitschKing/Content/Characters/Mannequin_UE4/Materials/Layers/ML_ShinyPlastic_Beige.uasset" 918
"D:/dUnreal_Project/KitschKing/Content/Characters/Mannequin_UE4/Materials/Layers/ML_ShinyPlastic_Beige.uexp" 919
"../../../Engine/Content/Functions/Engine_MaterialFunctions02/Utility/BlendAngleCorrectedNormals.uasset" 920
"../../../Engine/Content/Functions/Engine_MaterialFunctions02/Utility/BlendAngleCorrectedNormals.uexp" 921
"../../../Engine/Content/Functions/MaterialLayerFunctions/MatLayerBlend_NormalBlend.uasset" 922
"../../../Engine/Content/Functions/MaterialLayerFunctions/MatLayerBlend_NormalBlend.uexp" 923
"D:/dUnreal_Project/KitschKing/Content/Characters/Mannequin_UE4/Textures/T_UELogo_Mask.ubulk" 924
"D:/dUnreal_Project/KitschKing/Content/Characters/Mannequin_UE4/Textures/T_UELogo_Mask.uasset" 925
"D:/dUnreal_Project/KitschKing/Content/Characters/Mannequin_UE4/Textures/T_UELogo_Mask.uexp" 926
"D:/dUnreal_Project/KitschKing/Content/Characters/Mannequin_UE4/Materials/Layers/ML_ShinyPlastic_Beige_Logo.uasset" 927
"D:/dUnreal_Project/KitschKing/Content/Characters/Mannequin_UE4/Materials/Layers/ML_ShinyPlastic_Beige_Logo.uexp" 928
"D:/dUnreal_Project/KitschKing/Content/Characters/Mannequin_UE4/Textures/T_UE4_Mannequin_MAT_MASKA.ubulk" 929
"D:/dUnreal_Project/KitschKing/Content/Characters/Mannequin_UE4/Textures/T_UE4_Mannequin_MAT_MASKA.uasset" 930
"D:/dUnreal_Project/KitschKing/Content/Characters/Mannequin_UE4/Textures/T_UE4_Mannequin_MAT_MASKA.uexp" 931
"D:/dUnreal_Project/KitschKing/Content/Characters/Mannequin_UE4/Textures/T_ML_Aluminum01_N.ubulk" 932
"D:/dUnreal_Project/KitschKing/Content/Characters/Mannequin_UE4/Textures/T_ML_Aluminum01_N.uasset" 933
"D:/dUnreal_Project/KitschKing/Content/Characters/Mannequin_UE4/Textures/T_ML_Aluminum01_N.uexp" 934
"D:/dUnreal_Project/KitschKing/Content/Characters/Mannequin_UE4/Textures/T_ML_Aluminum01.ubulk" 935
"D:/dUnreal_Project/KitschKing/Content/Characters/Mannequin_UE4/Textures/T_ML_Aluminum01.uasset" 936
"D:/dUnreal_Project/KitschKing/Content/Characters/Mannequin_UE4/Textures/T_ML_Aluminum01.uexp" 937
"D:/dUnreal_Project/KitschKing/Content/Characters/Mannequin_UE4/Materials/Layers/ML_SoftMetal.uasset" 938
"D:/dUnreal_Project/KitschKing/Content/Characters/Mannequin_UE4/Materials/Layers/ML_SoftMetal.uexp" 939
"../../../Engine/Content/Functions/MaterialLayerFunctions/MatLayerBlend_Simple.uasset" 940
"../../../Engine/Content/Functions/MaterialLayerFunctions/MatLayerBlend_Simple.uexp" 941
"D:/dUnreal_Project/KitschKing/Content/Characters/Mannequin_UE4/Textures/T_ML_Rubber_Blue_01_N.ubulk" 942
"D:/dUnreal_Project/KitschKing/Content/Characters/Mannequin_UE4/Textures/T_ML_Rubber_Blue_01_N.uasset" 943
"D:/dUnreal_Project/KitschKing/Content/Characters/Mannequin_UE4/Textures/T_ML_Rubber_Blue_01_N.uexp" 944
"D:/dUnreal_Project/KitschKing/Content/Characters/Mannequin_UE4/Textures/T_ML_Rubber_Blue_01_D.ubulk" 945
"D:/dUnreal_Project/KitschKing/Content/Characters/Mannequin_UE4/Textures/T_ML_Rubber_Blue_01_D.uasset" 946
"D:/dUnreal_Project/KitschKing/Content/Characters/Mannequin_UE4/Textures/T_ML_Rubber_Blue_01_D.uexp" 947
"D:/dUnreal_Project/KitschKing/Content/Characters/Mannequin_UE4/Materials/Layers/ML_Latex_Black.uasset" 948
"D:/dUnreal_Project/KitschKing/Content/Characters/Mannequin_UE4/Materials/Layers/ML_Latex_Black.uexp" 949
"D:/dUnreal_Project/KitschKing/Content/Characters/Mannequin_UE4/Materials/M_MannequinUE4_Body.uasset" 950
"D:/dUnreal_Project/KitschKing/Content/Characters/Mannequin_UE4/Materials/M_MannequinUE4_Body.uexp" 951
"D:/dUnreal_Project/KitschKing/Content/Characters/Mannequin_UE4/Materials/M_MannequinUE4_ChestLogo.uasset" 952
"D:/dUnreal_Project/KitschKing/Content/Characters/Mannequin_UE4/Materials/M_MannequinUE4_ChestLogo.uexp" 953
"D:/dUnreal_Project/KitschKing/Content/Characters/Mannequin_UE4/Meshes/SK_Mannequin_PhysicsAsset.uasset" 954
"D:/dUnreal_Project/KitschKing/Content/Characters/Mannequin_UE4/Meshes/SK_Mannequin_PhysicsAsset.uexp" 955
"D:/dUnreal_Project/KitschKing/Content/Characters/Mannequin_UE4/Meshes/SK_Mannequin.uasset" 956
"D:/dUnreal_Project/KitschKing/Content/Characters/Mannequin_UE4/Meshes/SK_Mannequin.uexp" 957
"D:/dUnreal_Project/KitschKing/Content/Characters/Mannequin_UE4/Rigs/RTG_UE5Manny_UE4Manny.uasset" 958
"D:/dUnreal_Project/KitschKing/Content/Characters/Mannequin_UE4/Rigs/RTG_UE5Manny_UE4Manny.uexp" 959
"D:/dUnreal_Project/KitschKing/Content/Characters/Mannequin_UE4/Rigs/RTG_UE4Manny_UE5Manny.uasset" 960
"D:/dUnreal_Project/KitschKing/Content/Characters/Mannequin_UE4/Rigs/RTG_UE4Manny_UE5Manny.uexp" 961
"D:/dUnreal_Project/KitschKing/Content/Characters/Mannequin_UE4/Rigs/IK_UE4_Mannequin.uasset" 962
"D:/dUnreal_Project/KitschKing/Content/Characters/Mannequin_UE4/Rigs/IK_UE4_Mannequin.uexp" 963
"D:/dUnreal_Project/KitschKing/Content/Characters/Mannequins/Animations/Manny/MM_T_Pose.uasset" 964
"D:/dUnreal_Project/KitschKing/Content/Characters/Mannequins/Animations/Manny/MM_T_Pose.uexp" 965
"../../../Engine/Content/Maps/Entry_BuiltData.uasset" 966
"../../../Engine/Content/Maps/Entry_BuiltData.uexp" 967
"../../../Engine/Content/Maps/Entry.uexp" 968
"../../../Engine/Content/Maps/Entry.umap" 969
"../../../Engine/Content/Maps/Templates/HLODs/HLODLayer_Instanced.uasset" 970
"../../../Engine/Content/Maps/Templates/HLODs/HLODLayer_Instanced.uexp" 971
"D:/dUnreal_Project/KitschKing/Content/ThirdPerson/Blueprints/BP_ThirdPersonGameMode.uasset" 972
"D:/dUnreal_Project/KitschKing/Content/ThirdPerson/Blueprints/BP_ThirdPersonGameMode.uexp" 973
"D:/dUnreal_Project/KitschKing/Content/ThirdPerson/Maps/ThirdPersonMap.uexp" 974
"D:/dUnreal_Project/KitschKing/Content/ThirdPerson/Maps/ThirdPersonMap.umap" 975
"D:/dUnreal_Project/KitschKing/Content/ThirdPerson/Blueprints/WB_server_test/WB_JoinSession.uasset" 976
"D:/dUnreal_Project/KitschKing/Content/ThirdPerson/Blueprints/WB_server_test/WB_JoinSession.uexp" 977
"D:/dUnreal_Project/KitschKing/Content/ThirdPerson/Blueprints/WB_server_test/WB_FindSession.uasset" 978
"D:/dUnreal_Project/KitschKing/Content/ThirdPerson/Blueprints/WB_server_test/WB_FindSession.uexp" 979
"D:/dUnreal_Project/KitschKing/Content/ThirdPerson/Blueprints/WB_server_test/WB_CreateSession.uasset" 980
"D:/dUnreal_Project/KitschKing/Content/ThirdPerson/Blueprints/WB_server_test/WB_CreateSession.uexp" 981
"D:/dUnreal_Project/KitschKing/Content/ThirdPerson/Blueprints/WB_server_test/WB_Session_frame.uasset" 982
"D:/dUnreal_Project/KitschKing/Content/ThirdPerson/Blueprints/WB_server_test/WB_Session_frame.uexp" 983
"D:/dUnreal_Project/KitschKing/Content/ThirdPerson/Maps/mainmenu.uexp" 984
"D:/dUnreal_Project/KitschKing/Content/ThirdPerson/Maps/mainmenu.umap" 985
"../../../Engine/Content/EngineMaterials/BlendFunc_DefBlend.uasset" 986
"../../../Engine/Content/EngineMaterials/BlendFunc_DefBlend.uexp" 987
"../../../Engine/Content/EngineMaterials/BlendFunc_DefBase.uasset" 988
"../../../Engine/Content/EngineMaterials/BlendFunc_DefBase.uexp" 989
"../../../Engine/Content/Functions/Engine_MaterialFunctions03/Blends/Blend_Overlay.uasset" 990
"../../../Engine/Content/Functions/Engine_MaterialFunctions03/Blends/Blend_Overlay.uexp" 991
"../../../Engine/Content/OpenWorldTemplate/LandscapeMaterial/T_GridChecker_A.ubulk" 992
"../../../Engine/Content/OpenWorldTemplate/LandscapeMaterial/T_GridChecker_A.uasset" 993
"../../../Engine/Content/OpenWorldTemplate/LandscapeMaterial/T_GridChecker_A.uexp" 994
"../../../Engine/Content/OpenWorldTemplate/LandscapeMaterial/MF_ProcGrid.uasset" 995
"../../../Engine/Content/OpenWorldTemplate/LandscapeMaterial/MF_ProcGrid.uexp" 996
"../../../Engine/Content/OpenWorldTemplate/LandscapeMaterial/M_ProcGrid.uasset" 997
"../../../Engine/Content/OpenWorldTemplate/LandscapeMaterial/M_ProcGrid.uexp" 998
"../../../Engine/Content/OpenWorldTemplate/LandscapeMaterial/MI_ProcGrid.uasset" 999
"../../../Engine/Content/OpenWorldTemplate/LandscapeMaterial/MI_ProcGrid.uexp" 1000
"../../../Engine/Content/EngineSky/T_Sky_Stars.ubulk" 1001
"../../../Engine/Content/EngineSky/T_Sky_Stars.uasset" 1002
"../../../Engine/Content/EngineSky/T_Sky_Stars.uexp" 1003
"../../../Engine/Content/EngineSky/T_Sky_Clouds_M.ubulk" 1004
"../../../Engine/Content/EngineSky/T_Sky_Clouds_M.uasset" 1005
"../../../Engine/Content/EngineSky/T_Sky_Clouds_M.uexp" 1006
"../../../Engine/Content/EngineSky/T_Sky_Blue.ubulk" 1007
"../../../Engine/Content/EngineSky/T_Sky_Blue.uasset" 1008
"../../../Engine/Content/EngineSky/T_Sky_Blue.uexp" 1009
"../../../Engine/Content/EngineSky/M_Sky_Panning_Clouds2.uasset" 1010
"../../../Engine/Content/EngineSky/M_Sky_Panning_Clouds2.uexp" 1011
"../../../Engine/Content/EngineSky/SM_SkySphere.ubulk" 1012
"../../../Engine/Content/EngineSky/SM_SkySphere.uasset" 1013
"../../../Engine/Content/EngineSky/SM_SkySphere.uexp" 1014
"../../../Engine/Content/MapTemplates/SM_Template_Map_Floor.ubulk" 1015
"../../../Engine/Content/MapTemplates/SM_Template_Map_Floor.uasset" 1016
"../../../Engine/Content/MapTemplates/SM_Template_Map_Floor.uexp" 1017
"../../../Engine/Content/EngineSky/M_SimpleSkyDome.uasset" 1018
"../../../Engine/Content/EngineSky/M_SimpleSkyDome.uexp" 1019
"D:/dUnreal_Project/KitschKing/Content/ThirdPerson/Blueprints/Base/BP_PC_BaseSetup.uasset" 1020
"D:/dUnreal_Project/KitschKing/Content/ThirdPerson/Blueprints/Base/BP_PC_BaseSetup.uexp" 1021
"D:/dUnreal_Project/KitschKing/Content/ThirdPerson/Blueprints/Base/BP_GS_BaseSetup.uasset" 1022
"D:/dUnreal_Project/KitschKing/Content/ThirdPerson/Blueprints/Base/BP_GS_BaseSetup.uexp" 1023
"D:/dUnreal_Project/KitschKing/Content/ThirdPerson/Blueprints/Base/BP_PS_BaseSetup.uasset" 1024
"D:/dUnreal_Project/KitschKing/Content/ThirdPerson/Blueprints/Base/BP_PS_BaseSetup.uexp" 1025
"D:/dUnreal_Project/KitschKing/Content/ThirdPerson/Blueprints/Base/BP_GM_BaseSetup.uasset" 1026
"D:/dUnreal_Project/KitschKing/Content/ThirdPerson/Blueprints/Base/BP_GM_BaseSetup.uexp" 1027
"D:/dUnreal_Project/KitschKing/Content/ThirdPerson/Maps/Framework-Example.uexp" 1028
"D:/dUnreal_Project/KitschKing/Content/ThirdPerson/Maps/Framework-Example.umap" 1029
